------------------------------------------------------------------------------------------------------------------------

[2021-02-19 16:22:30 #1 store] 
Database 'C:\Users\Usuario\Desktop\workspace3\Bets21\src\main\resources\bets.temp' is opened by 6148@LAPTOP-83BOBPJL

[2021-02-19 16:22:31 #2 type.registry] 
New type domain.Question

[2021-02-19 16:22:31 #3 type] 
Type domain.Question is not enhanced.

[2021-02-19 16:22:31 #4 type.registry] 
New type domain.Event

[2021-02-19 16:22:31 #5 type] 
Type domain.Event is not enhanced.

[2021-02-19 16:22:31 #6 type.registry] 
New type java.util.Vector<domain.Question>

[2021-02-19 16:22:31 #7 type.registry] 
New type domain.Erabiltzailea

[2021-02-19 16:22:31 #8 type.registry] 
New type domain.Administratzailea

[2021-02-19 16:22:31 #9 type] 
Type domain.Erabiltzailea is not enhanced.

[2021-02-19 16:22:31 #10 type] 
Type domain.Administratzailea is not enhanced.

[2021-02-19 16:22:31 #11 type.registry] 
New type domain.Langilea

[2021-02-19 16:22:31 #12 type] 
Type domain.Langilea is not enhanced.

[2021-02-19 16:22:31 #13 type.registry] 
New type domain.Erregistratua

[2021-02-19 16:22:31 #14 type] 
Type domain.Erregistratua is not enhanced.

[2021-02-19 16:22:31 #15 type.registry] 
New type java.util.Vector<java.lang.Object>

------------------------------------------------------------------------------------------------------------------------

[2021-02-19 16:28:14 #1 store] 
Database 'C:\Users\Usuario\Desktop\workspace3\Bets21\src\main\resources\bets.temp' is opened by 11156@LAPTOP-83BOBPJL

[2021-02-19 16:28:14 #2 type.registry] 
New type domain.Question

[2021-02-19 16:28:14 #3 type] 
Type domain.Question is not enhanced.

[2021-02-19 16:28:14 #4 type.registry] 
New type domain.Event

[2021-02-19 16:28:14 #5 type] 
Type domain.Event is not enhanced.

[2021-02-19 16:28:14 #6 type.registry] 
New type java.util.Vector<domain.Question>

[2021-02-19 16:28:14 #7 type.registry] 
New type domain.Erabiltzailea

[2021-02-19 16:28:14 #8 type.registry] 
New type domain.Administratzailea

[2021-02-19 16:28:14 #9 type] 
Type domain.Erabiltzailea is not enhanced.

[2021-02-19 16:28:14 #10 type] 
Type domain.Administratzailea is not enhanced.

[2021-02-19 16:28:14 #11 type.registry] 
New type domain.Langilea

[2021-02-19 16:28:14 #12 type] 
Type domain.Langilea is not enhanced.

[2021-02-19 16:28:14 #13 type.registry] 
New type domain.Erregistratua

[2021-02-19 16:28:14 #14 type] 
Type domain.Erregistratua is not enhanced.

[2021-02-19 16:28:14 #15 type.registry] 
New type java.util.Vector<java.lang.Object>

