------------------------------------------------------------------------------------------------------------------------

[2021-02-28 13:31:12 #1 store] 
Database 'C:\Users\Usuario\Desktop\workspace3\Bets21\src\main\resources\bets.temp' is opened by 8520@LAPTOP-83BOBPJL

[2021-02-28 13:31:12 #2 type.registry] 
New type domain.Question

[2021-02-28 13:31:12 #3 type] 
Type domain.Question is not enhanced.

[2021-02-28 13:31:12 #4 type.registry] 
New type domain.Event

[2021-02-28 13:31:12 #5 type] 
Type domain.Event is not enhanced.

[2021-02-28 13:31:12 #6 type.registry] 
New type java.util.Vector<domain.Question>

[2021-02-28 13:31:12 #7 type.registry] 
New type domain.Erabiltzailea

[2021-02-28 13:31:12 #8 type.registry] 
New type domain.Administratzailea

[2021-02-28 13:31:12 #9 type] 
Type domain.Erabiltzailea is not enhanced.

[2021-02-28 13:31:12 #10 type] 
Type domain.Administratzailea is not enhanced.

[2021-02-28 13:31:12 #11 type.registry] 
New type domain.Langilea

[2021-02-28 13:31:12 #12 type] 
Type domain.Langilea is not enhanced.

[2021-02-28 13:31:12 #13 type.registry] 
New type domain.Erregistratua

[2021-02-28 13:31:12 #14 type] 
Type domain.Erregistratua is not enhanced.

[2021-02-28 13:31:12 #15 type.registry] 
New type java.util.Vector<java.lang.Object>

------------------------------------------------------------------------------------------------------------------------

[2021-02-28 13:32:11 #1 store] 
Database 'C:\Users\Usuario\Desktop\workspace3\Bets21\src\main\resources\bets.temp' is opened by 2176@LAPTOP-83BOBPJL

[2021-02-28 13:32:11 #2 type.registry] 
New type domain.Question

[2021-02-28 13:32:11 #3 type] 
Type domain.Question is not enhanced.

[2021-02-28 13:32:11 #4 type.registry] 
New type domain.Event

[2021-02-28 13:32:11 #5 type] 
Type domain.Event is not enhanced.

[2021-02-28 13:32:12 #6 type.registry] 
New type java.util.Vector<domain.Question>

[2021-02-28 13:32:12 #7 type.registry] 
New type domain.Erabiltzailea

[2021-02-28 13:32:12 #8 type.registry] 
New type domain.Administratzailea

[2021-02-28 13:32:12 #9 type] 
Type domain.Erabiltzailea is not enhanced.

[2021-02-28 13:32:12 #10 type] 
Type domain.Administratzailea is not enhanced.

[2021-02-28 13:32:12 #11 type.registry] 
New type domain.Langilea

[2021-02-28 13:32:12 #12 type] 
Type domain.Langilea is not enhanced.

[2021-02-28 13:32:12 #13 type.registry] 
New type domain.Erregistratua

[2021-02-28 13:32:12 #14 type] 
Type domain.Erregistratua is not enhanced.

[2021-02-28 13:32:12 #15 type.registry] 
New type java.util.Vector<java.lang.Object>

------------------------------------------------------------------------------------------------------------------------

[2021-02-28 13:33:26 #1 store] 
Database 'C:\Users\Usuario\Desktop\workspace3\Bets21\src\main\resources\bets.temp' is opened by 10788@LAPTOP-83BOBPJL

[2021-02-28 13:33:26 #2 type.registry] 
New type domain.Question

[2021-02-28 13:33:26 #3 type] 
Type domain.Question is not enhanced.

[2021-02-28 13:33:26 #4 type.registry] 
New type domain.Event

[2021-02-28 13:33:26 #5 type] 
Type domain.Event is not enhanced.

[2021-02-28 13:33:26 #6 type.registry] 
New type java.util.Vector<domain.Question>

[2021-02-28 13:33:26 #7 type.registry] 
New type domain.Erabiltzailea

[2021-02-28 13:33:26 #8 type.registry] 
New type domain.Administratzailea

[2021-02-28 13:33:26 #9 type] 
Type domain.Erabiltzailea is not enhanced.

[2021-02-28 13:33:26 #10 type] 
Type domain.Administratzailea is not enhanced.

[2021-02-28 13:33:26 #11 type.registry] 
New type domain.Langilea

[2021-02-28 13:33:26 #12 type] 
Type domain.Langilea is not enhanced.

[2021-02-28 13:33:26 #13 type.registry] 
New type domain.Erregistratua

[2021-02-28 13:33:26 #14 type] 
Type domain.Erregistratua is not enhanced.

[2021-02-28 13:33:26 #15 type.registry] 
New type java.util.Vector<java.lang.Object>

------------------------------------------------------------------------------------------------------------------------

[2021-02-28 13:35:02 #1 store] 
Database 'C:\Users\Usuario\Desktop\workspace3\Bets21\src\main\resources\bets.temp' is opened by 6488@LAPTOP-83BOBPJL

[2021-02-28 13:35:03 #2 type.registry] 
New type domain.Question

[2021-02-28 13:35:03 #3 type] 
Type domain.Question is not enhanced.

[2021-02-28 13:35:03 #4 type.registry] 
New type domain.Event

[2021-02-28 13:35:03 #5 type] 
Type domain.Event is not enhanced.

[2021-02-28 13:35:03 #6 type.registry] 
New type java.util.Vector<domain.Question>

[2021-02-28 13:35:03 #7 type.registry] 
New type domain.Erabiltzailea

[2021-02-28 13:35:03 #8 type.registry] 
New type domain.Administratzailea

[2021-02-28 13:35:03 #9 type] 
Type domain.Erabiltzailea is not enhanced.

[2021-02-28 13:35:03 #10 type] 
Type domain.Administratzailea is not enhanced.

[2021-02-28 13:35:03 #11 type.registry] 
New type domain.Langilea

[2021-02-28 13:35:03 #12 type] 
Type domain.Langilea is not enhanced.

[2021-02-28 13:35:03 #13 type.registry] 
New type domain.Erregistratua

[2021-02-28 13:35:03 #14 type] 
Type domain.Erregistratua is not enhanced.

[2021-02-28 13:35:03 #15 type.registry] 
New type java.util.Vector<java.lang.Object>

------------------------------------------------------------------------------------------------------------------------

[2021-02-28 13:37:48 #1 store] 
Database 'C:\Users\Usuario\Desktop\workspace3\Bets21\src\main\resources\bets.temp' is opened by 8744@LAPTOP-83BOBPJL

[2021-02-28 13:37:49 #2 type.registry] 
New type domain.Question

[2021-02-28 13:37:49 #3 type] 
Type domain.Question is not enhanced.

[2021-02-28 13:37:49 #4 type.registry] 
New type domain.Event

[2021-02-28 13:37:49 #5 type] 
Type domain.Event is not enhanced.

[2021-02-28 13:37:49 #6 type.registry] 
New type java.util.Vector<domain.Question>

[2021-02-28 13:37:49 #7 type.registry] 
New type domain.Erabiltzailea

[2021-02-28 13:37:49 #8 type.registry] 
New type domain.Administratzailea

[2021-02-28 13:37:49 #9 type] 
Type domain.Erabiltzailea is not enhanced.

[2021-02-28 13:37:49 #10 type] 
Type domain.Administratzailea is not enhanced.

[2021-02-28 13:37:49 #11 type.registry] 
New type domain.Langilea

[2021-02-28 13:37:49 #12 type] 
Type domain.Langilea is not enhanced.

[2021-02-28 13:37:49 #13 type.registry] 
New type domain.Erregistratua

[2021-02-28 13:37:49 #14 type] 
Type domain.Erregistratua is not enhanced.

[2021-02-28 13:37:49 #15 type.registry] 
New type java.util.Vector<java.lang.Object>

------------------------------------------------------------------------------------------------------------------------

[2021-02-28 13:38:21 #1 store] 
Database 'C:\Users\Usuario\Desktop\workspace3\Bets21\src\main\resources\bets.temp' is opened by 1584@LAPTOP-83BOBPJL

[2021-02-28 13:38:22 #2 type.registry] 
New type domain.Question

[2021-02-28 13:38:22 #3 type] 
Type domain.Question is not enhanced.

[2021-02-28 13:38:22 #4 type.registry] 
New type domain.Event

[2021-02-28 13:38:22 #5 type] 
Type domain.Event is not enhanced.

[2021-02-28 13:38:22 #6 type.registry] 
New type java.util.Vector<domain.Question>

[2021-02-28 13:38:22 #7 type.registry] 
New type domain.Erabiltzailea

[2021-02-28 13:38:22 #8 type.registry] 
New type domain.Administratzailea

[2021-02-28 13:38:22 #9 type] 
Type domain.Erabiltzailea is not enhanced.

[2021-02-28 13:38:22 #10 type] 
Type domain.Administratzailea is not enhanced.

[2021-02-28 13:38:22 #11 type.registry] 
New type domain.Langilea

[2021-02-28 13:38:22 #12 type] 
Type domain.Langilea is not enhanced.

[2021-02-28 13:38:22 #13 type.registry] 
New type domain.Erregistratua

[2021-02-28 13:38:22 #14 type] 
Type domain.Erregistratua is not enhanced.

[2021-02-28 13:38:22 #15 type.registry] 
New type java.util.Vector<java.lang.Object>

------------------------------------------------------------------------------------------------------------------------

[2021-02-28 13:38:57 #1 store] 
Database 'C:\Users\Usuario\Desktop\workspace3\Bets21\src\main\resources\bets.temp' is opened by 2700@LAPTOP-83BOBPJL

[2021-02-28 13:38:57 #2 type.registry] 
New type domain.Question

[2021-02-28 13:38:57 #3 type] 
Type domain.Question is not enhanced.

[2021-02-28 13:38:57 #4 type.registry] 
New type domain.Event

[2021-02-28 13:38:57 #5 type] 
Type domain.Event is not enhanced.

[2021-02-28 13:38:57 #6 type.registry] 
New type java.util.Vector<domain.Question>

[2021-02-28 13:38:57 #7 type.registry] 
New type domain.Erabiltzailea

[2021-02-28 13:38:57 #8 type.registry] 
New type domain.Administratzailea

[2021-02-28 13:38:57 #9 type] 
Type domain.Erabiltzailea is not enhanced.

[2021-02-28 13:38:57 #10 type] 
Type domain.Administratzailea is not enhanced.

[2021-02-28 13:38:57 #11 type.registry] 
New type domain.Langilea

[2021-02-28 13:38:57 #12 type] 
Type domain.Langilea is not enhanced.

[2021-02-28 13:38:57 #13 type.registry] 
New type domain.Erregistratua

[2021-02-28 13:38:57 #14 type] 
Type domain.Erregistratua is not enhanced.

[2021-02-28 13:38:57 #15 type.registry] 
New type java.util.Vector<java.lang.Object>

------------------------------------------------------------------------------------------------------------------------

[2021-02-28 13:47:31 #1 store] 
Database 'C:\Users\Usuario\Desktop\workspace3\Bets21\src\main\resources\bets.temp' is opened by 6808@LAPTOP-83BOBPJL

[2021-02-28 13:47:31 #2 type.registry] 
New type domain.Question

[2021-02-28 13:47:31 #3 type] 
Type domain.Question is not enhanced.

[2021-02-28 13:47:31 #4 type.registry] 
New type domain.Event

[2021-02-28 13:47:31 #5 type] 
Type domain.Event is not enhanced.

[2021-02-28 13:47:31 #6 type.registry] 
New type java.util.Vector<domain.Question>

[2021-02-28 13:47:31 #7 type.registry] 
New type domain.Erabiltzailea

[2021-02-28 13:47:31 #8 type.registry] 
New type domain.Administratzailea

[2021-02-28 13:47:31 #9 type] 
Type domain.Erabiltzailea is not enhanced.

[2021-02-28 13:47:31 #10 type] 
Type domain.Administratzailea is not enhanced.

[2021-02-28 13:47:31 #11 type.registry] 
New type domain.Langilea

[2021-02-28 13:47:31 #12 type] 
Type domain.Langilea is not enhanced.

[2021-02-28 13:47:31 #13 type.registry] 
New type domain.Erregistratua

[2021-02-28 13:47:31 #14 type] 
Type domain.Erregistratua is not enhanced.

[2021-02-28 13:47:31 #15 type.registry] 
New type java.util.Vector<java.lang.Object>

------------------------------------------------------------------------------------------------------------------------

[2021-02-28 13:51:19 #1 store] 
Database 'C:\Users\Usuario\Desktop\workspace3\Bets21\src\main\resources\bets.temp' is opened by 4860@LAPTOP-83BOBPJL

[2021-02-28 13:51:20 #2 type.registry] 
New type domain.Question

[2021-02-28 13:51:20 #3 type] 
Type domain.Question is not enhanced.

[2021-02-28 13:51:20 #4 type.registry] 
New type domain.Event

[2021-02-28 13:51:20 #5 type] 
Type domain.Event is not enhanced.

[2021-02-28 13:51:20 #6 type.registry] 
New type java.util.Vector<domain.Question>

[2021-02-28 13:51:20 #7 type.registry] 
New type domain.Erabiltzailea

[2021-02-28 13:51:20 #8 type.registry] 
New type domain.Administratzailea

[2021-02-28 13:51:20 #9 type] 
Type domain.Erabiltzailea is not enhanced.

[2021-02-28 13:51:20 #10 type] 
Type domain.Administratzailea is not enhanced.

[2021-02-28 13:51:20 #11 type.registry] 
New type domain.Langilea

[2021-02-28 13:51:20 #12 type] 
Type domain.Langilea is not enhanced.

[2021-02-28 13:51:20 #13 type.registry] 
New type domain.Erregistratua

[2021-02-28 13:51:20 #14 type] 
Type domain.Erregistratua is not enhanced.

[2021-02-28 13:51:20 #15 type.registry] 
New type java.util.Vector<java.lang.Object>

------------------------------------------------------------------------------------------------------------------------

[2021-02-28 13:52:54 #1 store] 
Database 'C:\Users\Usuario\Desktop\workspace3\Bets21\src\main\resources\bets.temp' is opened by 8896@LAPTOP-83BOBPJL

[2021-02-28 13:52:55 #2 type.registry] 
New type domain.Question

[2021-02-28 13:52:55 #3 type] 
Type domain.Question is not enhanced.

[2021-02-28 13:52:55 #4 type.registry] 
New type domain.Event

[2021-02-28 13:52:55 #5 type] 
Type domain.Event is not enhanced.

[2021-02-28 13:52:55 #6 type.registry] 
New type java.util.Vector<domain.Question>

[2021-02-28 13:52:55 #7 type.registry] 
New type domain.Erabiltzailea

[2021-02-28 13:52:55 #8 type.registry] 
New type domain.Administratzailea

[2021-02-28 13:52:55 #9 type] 
Type domain.Erabiltzailea is not enhanced.

[2021-02-28 13:52:55 #10 type] 
Type domain.Administratzailea is not enhanced.

[2021-02-28 13:52:55 #11 type.registry] 
New type domain.Langilea

[2021-02-28 13:52:55 #12 type] 
Type domain.Langilea is not enhanced.

[2021-02-28 13:52:55 #13 type.registry] 
New type domain.Erregistratua

[2021-02-28 13:52:55 #14 type] 
Type domain.Erregistratua is not enhanced.

[2021-02-28 13:52:55 #15 type.registry] 
New type java.util.Vector<java.lang.Object>

------------------------------------------------------------------------------------------------------------------------

[2021-02-28 13:54:21 #1 store] 
Database 'C:\Users\Usuario\Desktop\workspace3\Bets21\src\main\resources\bets.temp' is opened by 488@LAPTOP-83BOBPJL

[2021-02-28 13:54:21 #2 type.registry] 
New type domain.Question

[2021-02-28 13:54:21 #3 type] 
Type domain.Question is not enhanced.

[2021-02-28 13:54:21 #4 type.registry] 
New type domain.Event

[2021-02-28 13:54:21 #5 type] 
Type domain.Event is not enhanced.

[2021-02-28 13:54:22 #6 type.registry] 
New type java.util.Vector<domain.Question>

[2021-02-28 13:54:22 #7 type.registry] 
New type domain.Erabiltzailea

[2021-02-28 13:54:22 #8 type.registry] 
New type domain.Administratzailea

[2021-02-28 13:54:22 #9 type] 
Type domain.Erabiltzailea is not enhanced.

[2021-02-28 13:54:22 #10 type] 
Type domain.Administratzailea is not enhanced.

[2021-02-28 13:54:22 #11 type.registry] 
New type domain.Langilea

[2021-02-28 13:54:22 #12 type] 
Type domain.Langilea is not enhanced.

[2021-02-28 13:54:22 #13 type.registry] 
New type domain.Erregistratua

[2021-02-28 13:54:22 #14 type] 
Type domain.Erregistratua is not enhanced.

[2021-02-28 13:54:22 #15 type.registry] 
New type java.util.Vector<java.lang.Object>

------------------------------------------------------------------------------------------------------------------------

[2021-02-28 13:56:17 #1 store] 
Database 'C:\Users\Usuario\Desktop\workspace3\Bets21\src\main\resources\bets.temp' is opened by 14284@LAPTOP-83BOBPJL

[2021-02-28 13:56:17 #2 type.registry] 
New type domain.Question

[2021-02-28 13:56:17 #3 type] 
Type domain.Question is not enhanced.

[2021-02-28 13:56:17 #4 type.registry] 
New type domain.Event

[2021-02-28 13:56:17 #5 type] 
Type domain.Event is not enhanced.

[2021-02-28 13:56:17 #6 type.registry] 
New type java.util.Vector<domain.Question>

[2021-02-28 13:56:17 #7 type.registry] 
New type domain.Erabiltzailea

[2021-02-28 13:56:17 #8 type.registry] 
New type domain.Administratzailea

[2021-02-28 13:56:17 #9 type] 
Type domain.Erabiltzailea is not enhanced.

[2021-02-28 13:56:17 #10 type] 
Type domain.Administratzailea is not enhanced.

[2021-02-28 13:56:17 #11 type.registry] 
New type domain.Langilea

[2021-02-28 13:56:17 #12 type] 
Type domain.Langilea is not enhanced.

[2021-02-28 13:56:17 #13 type.registry] 
New type domain.Erregistratua

[2021-02-28 13:56:17 #14 type] 
Type domain.Erregistratua is not enhanced.

[2021-02-28 13:56:17 #15 type.registry] 
New type java.util.Vector<java.lang.Object>

------------------------------------------------------------------------------------------------------------------------

[2021-02-28 13:57:41 #1 store] 
Database 'C:\Users\Usuario\Desktop\workspace3\Bets21\src\main\resources\bets.temp' is opened by 14556@LAPTOP-83BOBPJL

[2021-02-28 13:57:42 #2 type.registry] 
New type domain.Question

[2021-02-28 13:57:42 #3 type] 
Type domain.Question is not enhanced.

[2021-02-28 13:57:42 #4 type.registry] 
New type domain.Event

[2021-02-28 13:57:42 #5 type] 
Type domain.Event is not enhanced.

[2021-02-28 13:57:42 #6 type.registry] 
New type java.util.Vector<domain.Question>

[2021-02-28 13:57:42 #7 type.registry] 
New type domain.Erabiltzailea

[2021-02-28 13:57:42 #8 type.registry] 
New type domain.Administratzailea

[2021-02-28 13:57:42 #9 type] 
Type domain.Erabiltzailea is not enhanced.

[2021-02-28 13:57:42 #10 type] 
Type domain.Administratzailea is not enhanced.

[2021-02-28 13:57:42 #11 type.registry] 
New type domain.Langilea

[2021-02-28 13:57:42 #12 type] 
Type domain.Langilea is not enhanced.

[2021-02-28 13:57:42 #13 type.registry] 
New type domain.Erregistratua

[2021-02-28 13:57:42 #14 type] 
Type domain.Erregistratua is not enhanced.

[2021-02-28 13:57:42 #15 type.registry] 
New type java.util.Vector<java.lang.Object>

------------------------------------------------------------------------------------------------------------------------

[2021-02-28 13:59:30 #1 store] 
Database 'C:\Users\Usuario\Desktop\workspace3\Bets21\src\main\resources\bets.temp' is opened by 7176@LAPTOP-83BOBPJL

[2021-02-28 13:59:30 #2 type.registry] 
New type domain.Question

[2021-02-28 13:59:30 #3 type] 
Type domain.Question is not enhanced.

[2021-02-28 13:59:30 #4 type.registry] 
New type domain.Event

[2021-02-28 13:59:30 #5 type] 
Type domain.Event is not enhanced.

[2021-02-28 13:59:30 #6 type.registry] 
New type java.util.Vector<domain.Question>

[2021-02-28 13:59:30 #7 type.registry] 
New type domain.Erabiltzailea

[2021-02-28 13:59:30 #8 type.registry] 
New type domain.Administratzailea

[2021-02-28 13:59:30 #9 type] 
Type domain.Erabiltzailea is not enhanced.

[2021-02-28 13:59:30 #10 type] 
Type domain.Administratzailea is not enhanced.

[2021-02-28 13:59:30 #11 type.registry] 
New type domain.Langilea

[2021-02-28 13:59:30 #12 type] 
Type domain.Langilea is not enhanced.

[2021-02-28 13:59:30 #13 type.registry] 
New type domain.Erregistratua

[2021-02-28 13:59:30 #14 type] 
Type domain.Erregistratua is not enhanced.

[2021-02-28 13:59:30 #15 type.registry] 
New type java.util.Vector<java.lang.Object>

------------------------------------------------------------------------------------------------------------------------

[2021-02-28 14:10:00 #1 store] 
Database 'C:\Users\Usuario\Desktop\workspace3\Bets21\src\main\resources\bets.temp' is opened by 6344@LAPTOP-83BOBPJL

[2021-02-28 14:10:01 #2 type.registry] 
New type domain.Question

[2021-02-28 14:10:01 #3 type] 
Type domain.Question is not enhanced.

[2021-02-28 14:10:01 #4 type.registry] 
New type domain.Event

[2021-02-28 14:10:01 #5 type] 
Type domain.Event is not enhanced.

[2021-02-28 14:10:01 #6 type.registry] 
New type java.util.Vector<domain.Question>

[2021-02-28 14:10:01 #7 type.registry] 
New type domain.Erabiltzailea

[2021-02-28 14:10:01 #8 type.registry] 
New type domain.Administratzailea

[2021-02-28 14:10:01 #9 type] 
Type domain.Erabiltzailea is not enhanced.

[2021-02-28 14:10:01 #10 type] 
Type domain.Administratzailea is not enhanced.

[2021-02-28 14:10:01 #11 type.registry] 
New type domain.Langilea

[2021-02-28 14:10:01 #12 type] 
Type domain.Langilea is not enhanced.

[2021-02-28 14:10:01 #13 type.registry] 
New type domain.Erregistratua

[2021-02-28 14:10:01 #14 type] 
Type domain.Erregistratua is not enhanced.

[2021-02-28 14:10:01 #15 type.registry] 
New type java.util.Vector<java.lang.Object>

------------------------------------------------------------------------------------------------------------------------

[2021-02-28 14:11:24 #1 store] 
Database 'C:\Users\Usuario\Desktop\workspace3\Bets21\src\main\resources\bets.temp' is opened by 8212@LAPTOP-83BOBPJL

[2021-02-28 14:11:24 #2 type.registry] 
New type domain.Question

[2021-02-28 14:11:24 #3 type] 
Type domain.Question is not enhanced.

[2021-02-28 14:11:24 #4 type.registry] 
New type domain.Event

[2021-02-28 14:11:24 #5 type] 
Type domain.Event is not enhanced.

[2021-02-28 14:11:24 #6 type.registry] 
New type java.util.Vector<domain.Question>

[2021-02-28 14:11:24 #7 type.registry] 
New type domain.Erabiltzailea

[2021-02-28 14:11:24 #8 type.registry] 
New type domain.Administratzailea

[2021-02-28 14:11:24 #9 type] 
Type domain.Erabiltzailea is not enhanced.

[2021-02-28 14:11:24 #10 type] 
Type domain.Administratzailea is not enhanced.

[2021-02-28 14:11:24 #11 type.registry] 
New type domain.Langilea

[2021-02-28 14:11:24 #12 type] 
Type domain.Langilea is not enhanced.

[2021-02-28 14:11:24 #13 type.registry] 
New type domain.Erregistratua

[2021-02-28 14:11:24 #14 type] 
Type domain.Erregistratua is not enhanced.

[2021-02-28 14:11:24 #15 type.registry] 
New type java.util.Vector<java.lang.Object>

------------------------------------------------------------------------------------------------------------------------

[2021-02-28 14:11:56 #1 store] 
Database 'C:\Users\Usuario\Desktop\workspace3\Bets21\src\main\resources\bets.temp' is opened by 12508@LAPTOP-83BOBPJL

[2021-02-28 14:11:56 #2 type.registry] 
New type domain.Question

[2021-02-28 14:11:56 #3 type] 
Type domain.Question is not enhanced.

[2021-02-28 14:11:56 #4 type.registry] 
New type domain.Event

[2021-02-28 14:11:56 #5 type] 
Type domain.Event is not enhanced.

[2021-02-28 14:11:56 #6 type.registry] 
New type java.util.Vector<domain.Question>

[2021-02-28 14:11:56 #7 type.registry] 
New type domain.Erabiltzailea

[2021-02-28 14:11:56 #8 type.registry] 
New type domain.Administratzailea

[2021-02-28 14:11:56 #9 type] 
Type domain.Erabiltzailea is not enhanced.

[2021-02-28 14:11:56 #10 type] 
Type domain.Administratzailea is not enhanced.

[2021-02-28 14:11:56 #11 type.registry] 
New type domain.Langilea

[2021-02-28 14:11:56 #12 type] 
Type domain.Langilea is not enhanced.

[2021-02-28 14:11:56 #13 type.registry] 
New type domain.Erregistratua

[2021-02-28 14:11:56 #14 type] 
Type domain.Erregistratua is not enhanced.

[2021-02-28 14:11:56 #15 type.registry] 
New type java.util.Vector<java.lang.Object>

------------------------------------------------------------------------------------------------------------------------

[2021-02-28 14:20:19 #1 store] 
Database 'C:\Users\Usuario\Desktop\workspace3\Bets21\src\main\resources\bets.temp' is opened by 13952@LAPTOP-83BOBPJL

[2021-02-28 14:20:19 #2 type.registry] 
New type domain.Question

[2021-02-28 14:20:19 #3 type] 
Type domain.Question is not enhanced.

[2021-02-28 14:20:19 #4 type.registry] 
New type domain.Event

[2021-02-28 14:20:19 #5 type] 
Type domain.Event is not enhanced.

[2021-02-28 14:20:19 #6 type.registry] 
New type java.util.Vector<domain.Question>

[2021-02-28 14:20:19 #7 type.registry] 
New type domain.Erabiltzailea

[2021-02-28 14:20:19 #8 type.registry] 
New type domain.Administratzailea

[2021-02-28 14:20:19 #9 type] 
Type domain.Erabiltzailea is not enhanced.

[2021-02-28 14:20:19 #10 type] 
Type domain.Administratzailea is not enhanced.

[2021-02-28 14:20:19 #11 type.registry] 
New type domain.Langilea

[2021-02-28 14:20:19 #12 type] 
Type domain.Langilea is not enhanced.

[2021-02-28 14:20:19 #13 type.registry] 
New type domain.Erregistratua

[2021-02-28 14:20:19 #14 type] 
Type domain.Erregistratua is not enhanced.

[2021-02-28 14:20:19 #15 type.registry] 
New type java.util.Vector<java.lang.Object>

------------------------------------------------------------------------------------------------------------------------

[2021-02-28 14:21:07 #1 store] 
Database 'C:\Users\Usuario\Desktop\workspace3\Bets21\src\main\resources\bets.temp' is opened by 13788@LAPTOP-83BOBPJL

[2021-02-28 14:21:08 #2 type.registry] 
New type domain.Question

[2021-02-28 14:21:08 #3 type] 
Type domain.Question is not enhanced.

[2021-02-28 14:21:08 #4 type.registry] 
New type domain.Event

[2021-02-28 14:21:08 #5 type] 
Type domain.Event is not enhanced.

[2021-02-28 14:21:08 #6 type.registry] 
New type java.util.Vector<domain.Question>

[2021-02-28 14:21:08 #7 type.registry] 
New type domain.Erabiltzailea

[2021-02-28 14:21:08 #8 type.registry] 
New type domain.Administratzailea

[2021-02-28 14:21:08 #9 type] 
Type domain.Erabiltzailea is not enhanced.

[2021-02-28 14:21:08 #10 type] 
Type domain.Administratzailea is not enhanced.

[2021-02-28 14:21:08 #11 type.registry] 
New type domain.Langilea

[2021-02-28 14:21:08 #12 type] 
Type domain.Langilea is not enhanced.

[2021-02-28 14:21:08 #13 type.registry] 
New type domain.Erregistratua

[2021-02-28 14:21:08 #14 type] 
Type domain.Erregistratua is not enhanced.

[2021-02-28 14:21:08 #15 type.registry] 
New type java.util.Vector<java.lang.Object>

------------------------------------------------------------------------------------------------------------------------

[2021-02-28 14:22:58 #1 store] 
Database 'C:\Users\Usuario\Desktop\workspace3\Bets21\src\main\resources\bets.temp' is opened by 7800@LAPTOP-83BOBPJL

[2021-02-28 14:22:58 #2 type.registry] 
New type domain.Question

[2021-02-28 14:22:58 #3 type] 
Type domain.Question is not enhanced.

[2021-02-28 14:22:58 #4 type.registry] 
New type domain.Event

[2021-02-28 14:22:58 #5 type] 
Type domain.Event is not enhanced.

[2021-02-28 14:22:58 #6 type.registry] 
New type java.util.Vector<domain.Question>

[2021-02-28 14:22:58 #7 type.registry] 
New type domain.Erabiltzailea

[2021-02-28 14:22:58 #8 type.registry] 
New type domain.Administratzailea

[2021-02-28 14:22:58 #9 type] 
Type domain.Erabiltzailea is not enhanced.

[2021-02-28 14:22:58 #10 type] 
Type domain.Administratzailea is not enhanced.

[2021-02-28 14:22:58 #11 type.registry] 
New type domain.Langilea

[2021-02-28 14:22:58 #12 type] 
Type domain.Langilea is not enhanced.

[2021-02-28 14:22:58 #13 type.registry] 
New type domain.Erregistratua

[2021-02-28 14:22:58 #14 type] 
Type domain.Erregistratua is not enhanced.

[2021-02-28 14:22:58 #15 type.registry] 
New type java.util.Vector<java.lang.Object>

------------------------------------------------------------------------------------------------------------------------

[2021-02-28 14:28:11 #1 store] 
Database 'C:\Users\Usuario\Desktop\workspace3\Bets21\src\main\resources\bets.temp' is opened by 12916@LAPTOP-83BOBPJL

[2021-02-28 14:28:12 #2 type.registry] 
New type domain.Question

[2021-02-28 14:28:12 #3 type] 
Type domain.Question is not enhanced.

[2021-02-28 14:28:12 #4 type.registry] 
New type domain.Event

[2021-02-28 14:28:12 #5 type] 
Type domain.Event is not enhanced.

[2021-02-28 14:28:12 #6 type.registry] 
New type java.util.Vector<domain.Question>

[2021-02-28 14:28:12 #7 type.registry] 
New type domain.Erabiltzailea

[2021-02-28 14:28:12 #8 type.registry] 
New type domain.Administratzailea

[2021-02-28 14:28:12 #9 type] 
Type domain.Erabiltzailea is not enhanced.

[2021-02-28 14:28:12 #10 type] 
Type domain.Administratzailea is not enhanced.

[2021-02-28 14:28:12 #11 type.registry] 
New type domain.Langilea

[2021-02-28 14:28:12 #12 type] 
Type domain.Langilea is not enhanced.

[2021-02-28 14:28:12 #13 type.registry] 
New type domain.Erregistratua

[2021-02-28 14:28:12 #14 type] 
Type domain.Erregistratua is not enhanced.

[2021-02-28 14:28:12 #15 type.registry] 
New type java.util.Vector<java.lang.Object>

------------------------------------------------------------------------------------------------------------------------

[2021-02-28 14:28:33 #1 store] 
Database 'C:\Users\Usuario\Desktop\workspace3\Bets21\src\main\resources\bets.temp' is opened by 708@LAPTOP-83BOBPJL

[2021-02-28 14:28:33 #2 type.registry] 
New type domain.Question

[2021-02-28 14:28:33 #3 type] 
Type domain.Question is not enhanced.

[2021-02-28 14:28:33 #4 type.registry] 
New type domain.Event

[2021-02-28 14:28:33 #5 type] 
Type domain.Event is not enhanced.

[2021-02-28 14:28:33 #6 type.registry] 
New type java.util.Vector<domain.Question>

[2021-02-28 14:28:33 #7 type.registry] 
New type domain.Erabiltzailea

[2021-02-28 14:28:33 #8 type.registry] 
New type domain.Administratzailea

[2021-02-28 14:28:33 #9 type] 
Type domain.Erabiltzailea is not enhanced.

[2021-02-28 14:28:33 #10 type] 
Type domain.Administratzailea is not enhanced.

[2021-02-28 14:28:33 #11 type.registry] 
New type domain.Langilea

[2021-02-28 14:28:33 #12 type] 
Type domain.Langilea is not enhanced.

[2021-02-28 14:28:33 #13 type.registry] 
New type domain.Erregistratua

[2021-02-28 14:28:33 #14 type] 
Type domain.Erregistratua is not enhanced.

[2021-02-28 14:28:33 #15 type.registry] 
New type java.util.Vector<java.lang.Object>

------------------------------------------------------------------------------------------------------------------------

[2021-02-28 14:33:15 #1 store] 
Database 'C:\Users\Usuario\Desktop\workspace3\Bets21\src\main\resources\bets.temp' is opened by 9280@LAPTOP-83BOBPJL

[2021-02-28 14:33:15 #2 type.registry] 
New type domain.Question

[2021-02-28 14:33:15 #3 type] 
Type domain.Question is not enhanced.

[2021-02-28 14:33:15 #4 type.registry] 
New type domain.Event

[2021-02-28 14:33:15 #5 type] 
Type domain.Event is not enhanced.

[2021-02-28 14:33:15 #6 type.registry] 
New type java.util.Vector<domain.Question>

[2021-02-28 14:33:15 #7 type.registry] 
New type domain.Erabiltzailea

[2021-02-28 14:33:15 #8 type.registry] 
New type domain.Administratzailea

[2021-02-28 14:33:15 #9 type] 
Type domain.Erabiltzailea is not enhanced.

[2021-02-28 14:33:15 #10 type] 
Type domain.Administratzailea is not enhanced.

[2021-02-28 14:33:15 #11 type.registry] 
New type domain.Langilea

[2021-02-28 14:33:15 #12 type] 
Type domain.Langilea is not enhanced.

[2021-02-28 14:33:15 #13 type.registry] 
New type domain.Erregistratua

[2021-02-28 14:33:15 #14 type] 
Type domain.Erregistratua is not enhanced.

[2021-02-28 14:33:15 #15 type.registry] 
New type java.util.Vector<java.lang.Object>

------------------------------------------------------------------------------------------------------------------------

[2021-02-28 14:39:12 #1 store] 
Database 'C:\Users\Usuario\Desktop\workspace3\Bets21\src\main\resources\bets.temp' is opened by 15368@LAPTOP-83BOBPJL

[2021-02-28 14:39:12 #2 type.registry] 
New type domain.Question

[2021-02-28 14:39:12 #3 type] 
Type domain.Question is not enhanced.

[2021-02-28 14:39:12 #4 type.registry] 
New type domain.Event

[2021-02-28 14:39:12 #5 type] 
Type domain.Event is not enhanced.

[2021-02-28 14:39:12 #6 type.registry] 
New type java.util.Vector<domain.Question>

[2021-02-28 14:39:12 #7 type.registry] 
New type domain.Erabiltzailea

[2021-02-28 14:39:12 #8 type.registry] 
New type domain.Administratzailea

[2021-02-28 14:39:12 #9 type] 
Type domain.Erabiltzailea is not enhanced.

[2021-02-28 14:39:12 #10 type] 
Type domain.Administratzailea is not enhanced.

[2021-02-28 14:39:12 #11 type.registry] 
New type domain.Langilea

[2021-02-28 14:39:12 #12 type] 
Type domain.Langilea is not enhanced.

[2021-02-28 14:39:12 #13 type.registry] 
New type domain.Erregistratua

[2021-02-28 14:39:12 #14 type] 
Type domain.Erregistratua is not enhanced.

[2021-02-28 14:39:12 #15 type.registry] 
New type java.util.Vector<java.lang.Object>

------------------------------------------------------------------------------------------------------------------------

[2021-02-28 14:52:11 #1 store] 
Database 'C:\Users\Usuario\Desktop\workspace3\Bets21\src\main\resources\bets.temp' is opened by 10596@LAPTOP-83BOBPJL

[2021-02-28 14:52:11 #2 type.registry] 
New type domain.Question

[2021-02-28 14:52:11 #3 type] 
Type domain.Question is not enhanced.

[2021-02-28 14:52:11 #4 type.registry] 
New type domain.Event

[2021-02-28 14:52:11 #5 type] 
Type domain.Event is not enhanced.

[2021-02-28 14:52:11 #6 type.registry] 
New type java.util.Vector<domain.Question>

[2021-02-28 14:52:11 #7 type.registry] 
New type domain.Erabiltzailea

[2021-02-28 14:52:11 #8 type.registry] 
New type domain.Administratzailea

[2021-02-28 14:52:11 #9 type] 
Type domain.Erabiltzailea is not enhanced.

[2021-02-28 14:52:11 #10 type] 
Type domain.Administratzailea is not enhanced.

[2021-02-28 14:52:11 #11 type.registry] 
New type domain.Langilea

[2021-02-28 14:52:11 #12 type] 
Type domain.Langilea is not enhanced.

[2021-02-28 14:52:11 #13 type.registry] 
New type domain.Erregistratua

[2021-02-28 14:52:11 #14 type] 
Type domain.Erregistratua is not enhanced.

[2021-02-28 14:52:11 #15 type.registry] 
New type java.util.Vector<java.lang.Object>

------------------------------------------------------------------------------------------------------------------------

[2021-02-28 14:58:21 #1 store] 
Database 'C:\Users\Usuario\Desktop\workspace3\Bets21\src\main\resources\bets.temp' is opened by 14244@LAPTOP-83BOBPJL

[2021-02-28 14:58:21 #2 type.registry] 
New type domain.Question

[2021-02-28 14:58:21 #3 type] 
Type domain.Question is not enhanced.

[2021-02-28 14:58:21 #4 type.registry] 
New type domain.Event

[2021-02-28 14:58:21 #5 type] 
Type domain.Event is not enhanced.

[2021-02-28 14:58:21 #6 type.registry] 
New type java.util.Vector<domain.Question>

[2021-02-28 14:58:21 #7 type.registry] 
New type domain.Erabiltzailea

[2021-02-28 14:58:21 #8 type.registry] 
New type domain.Administratzailea

[2021-02-28 14:58:21 #9 type] 
Type domain.Erabiltzailea is not enhanced.

[2021-02-28 14:58:21 #10 type] 
Type domain.Administratzailea is not enhanced.

[2021-02-28 14:58:21 #11 type.registry] 
New type domain.Langilea

[2021-02-28 14:58:21 #12 type] 
Type domain.Langilea is not enhanced.

[2021-02-28 14:58:21 #13 type.registry] 
New type domain.Erregistratua

[2021-02-28 14:58:21 #14 type] 
Type domain.Erregistratua is not enhanced.

[2021-02-28 14:58:21 #15 type.registry] 
New type java.util.Vector<java.lang.Object>

------------------------------------------------------------------------------------------------------------------------

[2021-02-28 15:02:28 #1 store] 
Database 'C:\Users\Usuario\Desktop\workspace3\Bets21\src\main\resources\bets.temp' is opened by 5932@LAPTOP-83BOBPJL

[2021-02-28 15:02:29 #2 type.registry] 
New type domain.Question

[2021-02-28 15:02:29 #3 type] 
Type domain.Question is not enhanced.

[2021-02-28 15:02:29 #4 type.registry] 
New type domain.Event

[2021-02-28 15:02:29 #5 type] 
Type domain.Event is not enhanced.

[2021-02-28 15:02:29 #6 type.registry] 
New type java.util.Vector<domain.Question>

[2021-02-28 15:02:29 #7 type.registry] 
New type domain.Erabiltzailea

[2021-02-28 15:02:29 #8 type.registry] 
New type domain.Administratzailea

[2021-02-28 15:02:29 #9 type] 
Type domain.Erabiltzailea is not enhanced.

[2021-02-28 15:02:29 #10 type] 
Type domain.Administratzailea is not enhanced.

[2021-02-28 15:02:29 #11 type.registry] 
New type domain.Langilea

[2021-02-28 15:02:29 #12 type] 
Type domain.Langilea is not enhanced.

[2021-02-28 15:02:29 #13 type.registry] 
New type domain.Erregistratua

[2021-02-28 15:02:29 #14 type] 
Type domain.Erregistratua is not enhanced.

[2021-02-28 15:02:29 #15 type.registry] 
New type java.util.Vector<java.lang.Object>

------------------------------------------------------------------------------------------------------------------------

[2021-02-28 15:06:49 #1 store] 
Database 'C:\Users\Usuario\Desktop\workspace3\Bets21\src\main\resources\bets.temp' is opened by 9272@LAPTOP-83BOBPJL

[2021-02-28 15:06:50 #2 type.registry] 
New type domain.Question

[2021-02-28 15:06:50 #3 type] 
Type domain.Question is not enhanced.

[2021-02-28 15:06:50 #4 type.registry] 
New type domain.Event

[2021-02-28 15:06:50 #5 type] 
Type domain.Event is not enhanced.

[2021-02-28 15:06:50 #6 type.registry] 
New type java.util.Vector<domain.Question>

[2021-02-28 15:06:50 #7 type.registry] 
New type domain.Erabiltzailea

[2021-02-28 15:06:50 #8 type.registry] 
New type domain.Administratzailea

[2021-02-28 15:06:50 #9 type] 
Type domain.Erabiltzailea is not enhanced.

[2021-02-28 15:06:50 #10 type] 
Type domain.Administratzailea is not enhanced.

[2021-02-28 15:06:50 #11 type.registry] 
New type domain.Langilea

[2021-02-28 15:06:50 #12 type] 
Type domain.Langilea is not enhanced.

[2021-02-28 15:06:50 #13 type.registry] 
New type domain.Erregistratua

[2021-02-28 15:06:50 #14 type] 
Type domain.Erregistratua is not enhanced.

[2021-02-28 15:06:50 #15 type.registry] 
New type java.util.Vector<java.lang.Object>

------------------------------------------------------------------------------------------------------------------------

[2021-02-28 15:09:32 #1 store] 
Database 'C:\Users\Usuario\Desktop\workspace3\Bets21\src\main\resources\bets.temp' is opened by 16120@LAPTOP-83BOBPJL

[2021-02-28 15:09:32 #2 type.registry] 
New type domain.Question

[2021-02-28 15:09:32 #3 type] 
Type domain.Question is not enhanced.

[2021-02-28 15:09:32 #4 type.registry] 
New type domain.Event

[2021-02-28 15:09:32 #5 type] 
Type domain.Event is not enhanced.

[2021-02-28 15:09:32 #6 type.registry] 
New type java.util.Vector<domain.Question>

[2021-02-28 15:09:32 #7 type.registry] 
New type domain.Erabiltzailea

[2021-02-28 15:09:32 #8 type.registry] 
New type domain.Administratzailea

[2021-02-28 15:09:32 #9 type] 
Type domain.Erabiltzailea is not enhanced.

[2021-02-28 15:09:32 #10 type] 
Type domain.Administratzailea is not enhanced.

[2021-02-28 15:09:32 #11 type.registry] 
New type domain.Langilea

[2021-02-28 15:09:32 #12 type] 
Type domain.Langilea is not enhanced.

[2021-02-28 15:09:32 #13 type.registry] 
New type domain.Erregistratua

[2021-02-28 15:09:32 #14 type] 
Type domain.Erregistratua is not enhanced.

[2021-02-28 15:09:32 #15 type.registry] 
New type java.util.Vector<java.lang.Object>

------------------------------------------------------------------------------------------------------------------------

[2021-02-28 15:11:02 #1 store] 
Database 'C:\Users\Usuario\Desktop\workspace3\Bets21\src\main\resources\bets.temp' is opened by 1332@LAPTOP-83BOBPJL

[2021-02-28 15:11:02 #2 type.registry] 
New type domain.Question

[2021-02-28 15:11:02 #3 type] 
Type domain.Question is not enhanced.

[2021-02-28 15:11:02 #4 type.registry] 
New type domain.Event

[2021-02-28 15:11:02 #5 type] 
Type domain.Event is not enhanced.

[2021-02-28 15:11:02 #6 type.registry] 
New type java.util.Vector<domain.Question>

[2021-02-28 15:11:02 #7 type.registry] 
New type domain.Erabiltzailea

[2021-02-28 15:11:02 #8 type.registry] 
New type domain.Administratzailea

[2021-02-28 15:11:02 #9 type] 
Type domain.Erabiltzailea is not enhanced.

[2021-02-28 15:11:02 #10 type] 
Type domain.Administratzailea is not enhanced.

[2021-02-28 15:11:02 #11 type.registry] 
New type domain.Langilea

[2021-02-28 15:11:02 #12 type] 
Type domain.Langilea is not enhanced.

[2021-02-28 15:11:02 #13 type.registry] 
New type domain.Erregistratua

[2021-02-28 15:11:02 #14 type] 
Type domain.Erregistratua is not enhanced.

[2021-02-28 15:11:02 #15 type.registry] 
New type java.util.Vector<java.lang.Object>

------------------------------------------------------------------------------------------------------------------------

[2021-02-28 15:20:41 #1 store] 
Database 'C:\Users\Usuario\Desktop\workspace3\Bets21\src\main\resources\bets.temp' is opened by 14156@LAPTOP-83BOBPJL

[2021-02-28 15:20:42 #2 type.registry] 
New type domain.Question

[2021-02-28 15:20:42 #3 type] 
Type domain.Question is not enhanced.

[2021-02-28 15:20:42 #4 type.registry] 
New type domain.Event

[2021-02-28 15:20:42 #5 type] 
Type domain.Event is not enhanced.

[2021-02-28 15:20:42 #6 type.registry] 
New type java.util.Vector<domain.Question>

[2021-02-28 15:20:42 #7 type.registry] 
New type domain.Erabiltzailea

[2021-02-28 15:20:42 #8 type.registry] 
New type domain.Administratzailea

[2021-02-28 15:20:42 #9 type] 
Type domain.Erabiltzailea is not enhanced.

[2021-02-28 15:20:42 #10 type] 
Type domain.Administratzailea is not enhanced.

[2021-02-28 15:20:42 #11 type.registry] 
New type domain.Langilea

[2021-02-28 15:20:42 #12 type] 
Type domain.Langilea is not enhanced.

[2021-02-28 15:20:42 #13 type.registry] 
New type domain.Erregistratua

[2021-02-28 15:20:42 #14 type] 
Type domain.Erregistratua is not enhanced.

[2021-02-28 15:20:42 #15 type.registry] 
New type java.util.Vector<java.lang.Object>

------------------------------------------------------------------------------------------------------------------------

[2021-02-28 15:26:01 #1 store] 
Database 'C:\Users\Usuario\Desktop\workspace3\Bets21\src\main\resources\bets.temp' is opened by 13588@LAPTOP-83BOBPJL

[2021-02-28 15:26:01 #2 type.registry] 
New type domain.Question

[2021-02-28 15:26:01 #3 type] 
Type domain.Question is not enhanced.

[2021-02-28 15:26:01 #4 type.registry] 
New type domain.Event

[2021-02-28 15:26:01 #5 type] 
Type domain.Event is not enhanced.

[2021-02-28 15:26:01 #6 type.registry] 
New type java.util.Vector<domain.Question>

[2021-02-28 15:26:01 #7 type.registry] 
New type domain.Erabiltzailea

[2021-02-28 15:26:01 #8 type.registry] 
New type domain.Administratzailea

[2021-02-28 15:26:01 #9 type] 
Type domain.Erabiltzailea is not enhanced.

[2021-02-28 15:26:01 #10 type] 
Type domain.Administratzailea is not enhanced.

[2021-02-28 15:26:01 #11 type.registry] 
New type domain.Langilea

[2021-02-28 15:26:01 #12 type] 
Type domain.Langilea is not enhanced.

[2021-02-28 15:26:01 #13 type.registry] 
New type domain.Erregistratua

[2021-02-28 15:26:01 #14 type] 
Type domain.Erregistratua is not enhanced.

[2021-02-28 15:26:01 #15 type.registry] 
New type java.util.Vector<java.lang.Object>

------------------------------------------------------------------------------------------------------------------------

[2021-02-28 15:41:20 #1 store] 
Database 'C:\Users\Usuario\Desktop\workspace3\Bets21\src\main\resources\bets.temp' is opened by 9488@LAPTOP-83BOBPJL

[2021-02-28 15:41:20 #2 type.registry] 
New type domain.Question

[2021-02-28 15:41:20 #3 type] 
Type domain.Question is not enhanced.

[2021-02-28 15:41:20 #4 type.registry] 
New type domain.Event

[2021-02-28 15:41:20 #5 type] 
Type domain.Event is not enhanced.

[2021-02-28 15:41:20 #6 type.registry] 
New type java.util.Vector<domain.Question>

[2021-02-28 15:41:20 #7 type.registry] 
New type domain.Erabiltzailea

[2021-02-28 15:41:20 #8 type.registry] 
New type domain.Administratzailea

[2021-02-28 15:41:20 #9 type] 
Type domain.Erabiltzailea is not enhanced.

[2021-02-28 15:41:20 #10 type] 
Type domain.Administratzailea is not enhanced.

[2021-02-28 15:41:20 #11 type.registry] 
New type domain.Langilea

[2021-02-28 15:41:20 #12 type] 
Type domain.Langilea is not enhanced.

[2021-02-28 15:41:20 #13 type.registry] 
New type domain.Erregistratua

[2021-02-28 15:41:20 #14 type] 
Type domain.Erregistratua is not enhanced.

[2021-02-28 15:41:20 #15 type.registry] 
New type java.util.Vector<java.lang.Object>

