------------------------------------------------------------------------------------------------------------------------

[2021-05-08 12:24:21 #1 store] 
Database 'C:\Users\Usuario\Desktop\workspace3\Bets21\src\main\resources\bets.temp' is opened by 12352@LAPTOP-83BOBPJL

[2021-05-08 12:24:21 #2 type.registry] 
New type domain.Question

[2021-05-08 12:24:21 #3 type] 
Type domain.Question is not enhanced.

[2021-05-08 12:24:21 #4 type.registry] 
New type domain.Pronostikoa

[2021-05-08 12:24:21 #5 type.registry] 
New type java.util.ArrayList<domain.Pronostikoa>

[2021-05-08 12:24:21 #6 type.registry] 
New type domain.Event

[2021-05-08 12:24:21 #7 type] 
Type domain.Pronostikoa is not enhanced.

[2021-05-08 12:24:21 #8 type.registry] 
New type domain.Apostua

[2021-05-08 12:24:21 #9 type.registry] 
New type java.util.ArrayList<domain.Apostua>

[2021-05-08 12:24:21 #10 type] 
Type domain.Event is not enhanced.

[2021-05-08 12:24:21 #11 type.registry] 
New type java.util.Vector<domain.Question>

[2021-05-08 12:24:21 #12 type] 
Type domain.Apostua is not enhanced.

[2021-05-08 12:24:21 #13 type.registry] 
New type domain.Erabiltzailea

[2021-05-08 12:24:21 #14 type.registry] 
New type domain.Erregistratua

[2021-05-08 12:24:21 #15 type] 
Type domain.Erabiltzailea is not enhanced.

[2021-05-08 12:24:21 #16 type] 
Type domain.Erregistratua is not enhanced.

[2021-05-08 12:24:21 #17 type.registry] 
New type domain.Mugimendua

[2021-05-08 12:24:21 #18 type.registry] 
New type java.util.ArrayList<domain.Mugimendua>

[2021-05-08 12:24:21 #19 type] 
Type domain.Mugimendua is not enhanced.

[2021-05-08 12:24:21 #20 type.registry] 
New type domain.Administratzailea

[2021-05-08 12:24:21 #21 type] 
Type domain.Administratzailea is not enhanced.

[2021-05-08 12:24:21 #22 type.registry] 
New type domain.Langilea

[2021-05-08 12:24:21 #23 type] 
Type domain.Langilea is not enhanced.

[2021-05-08 12:24:21 #24 type.registry] 
New type java.util.ArrayList<java.lang.Object>

[2021-05-08 12:24:21 #25 type.registry] 
New type java.util.Vector<java.lang.Object>

------------------------------------------------------------------------------------------------------------------------

[2021-05-08 12:31:12 #1 store] 
Database 'C:\Users\Usuario\Desktop\workspace3\Bets21\src\main\resources\bets.temp' is opened by 6260@LAPTOP-83BOBPJL

[2021-05-08 12:31:12 #2 type.registry] 
New type domain.Question

[2021-05-08 12:31:12 #3 type] 
Type domain.Question is not enhanced.

[2021-05-08 12:31:12 #4 type.registry] 
New type domain.Pronostikoa

[2021-05-08 12:31:12 #5 type.registry] 
New type java.util.ArrayList<domain.Pronostikoa>

[2021-05-08 12:31:12 #6 type.registry] 
New type domain.Event

[2021-05-08 12:31:12 #7 type] 
Type domain.Pronostikoa is not enhanced.

[2021-05-08 12:31:12 #8 type.registry] 
New type domain.Apostua

[2021-05-08 12:31:12 #9 type.registry] 
New type java.util.ArrayList<domain.Apostua>

[2021-05-08 12:31:12 #10 type] 
Type domain.Event is not enhanced.

[2021-05-08 12:31:12 #11 type.registry] 
New type java.util.Vector<domain.Question>

[2021-05-08 12:31:12 #12 type] 
Type domain.Apostua is not enhanced.

[2021-05-08 12:31:12 #13 type.registry] 
New type domain.Erabiltzailea

[2021-05-08 12:31:12 #14 type.registry] 
New type domain.Erregistratua

[2021-05-08 12:31:12 #15 type] 
Type domain.Erabiltzailea is not enhanced.

[2021-05-08 12:31:12 #16 type] 
Type domain.Erregistratua is not enhanced.

[2021-05-08 12:31:12 #17 type.registry] 
New type domain.Mugimendua

[2021-05-08 12:31:12 #18 type.registry] 
New type java.util.ArrayList<domain.Mugimendua>

[2021-05-08 12:31:12 #19 type] 
Type domain.Mugimendua is not enhanced.

[2021-05-08 12:31:12 #20 type.registry] 
New type domain.Administratzailea

[2021-05-08 12:31:12 #21 type] 
Type domain.Administratzailea is not enhanced.

[2021-05-08 12:31:12 #22 type.registry] 
New type domain.Langilea

[2021-05-08 12:31:12 #23 type] 
Type domain.Langilea is not enhanced.

[2021-05-08 12:31:12 #24 type.registry] 
New type java.util.ArrayList<java.lang.Object>

[2021-05-08 12:31:12 #25 type.registry] 
New type java.util.Vector<java.lang.Object>

------------------------------------------------------------------------------------------------------------------------

[2021-05-08 13:07:24 #1 store] 
Database 'C:\Users\Usuario\Desktop\workspace3\Bets21\src\main\resources\bets.temp' is opened by 16372@LAPTOP-83BOBPJL

[2021-05-08 13:07:25 #2 type.registry] 
New type domain.Question

[2021-05-08 13:07:25 #3 type] 
Type domain.Question is not enhanced.

[2021-05-08 13:07:25 #4 type.registry] 
New type domain.Pronostikoa

[2021-05-08 13:07:25 #5 type.registry] 
New type java.util.ArrayList<domain.Pronostikoa>

[2021-05-08 13:07:25 #6 type.registry] 
New type domain.Event

[2021-05-08 13:07:25 #7 type] 
Type domain.Pronostikoa is not enhanced.

[2021-05-08 13:07:25 #8 type.registry] 
New type domain.Apostua

[2021-05-08 13:07:25 #9 type.registry] 
New type java.util.ArrayList<domain.Apostua>

[2021-05-08 13:07:25 #10 type] 
Type domain.Event is not enhanced.

[2021-05-08 13:07:25 #11 type.registry] 
New type java.util.Vector<domain.Question>

[2021-05-08 13:07:25 #12 type] 
Type domain.Apostua is not enhanced.

[2021-05-08 13:07:25 #13 type.registry] 
New type domain.Erabiltzailea

[2021-05-08 13:07:25 #14 type.registry] 
New type domain.Erregistratua

[2021-05-08 13:07:25 #15 type] 
Type domain.Erabiltzailea is not enhanced.

[2021-05-08 13:07:25 #16 type] 
Type domain.Erregistratua is not enhanced.

[2021-05-08 13:07:25 #17 type.registry] 
New type domain.Mugimendua

[2021-05-08 13:07:25 #18 type.registry] 
New type java.util.ArrayList<domain.Mugimendua>

[2021-05-08 13:07:25 #19 type] 
Type domain.Mugimendua is not enhanced.

[2021-05-08 13:07:25 #20 type.registry] 
New type domain.Administratzailea

[2021-05-08 13:07:25 #21 type] 
Type domain.Administratzailea is not enhanced.

[2021-05-08 13:07:25 #22 type.registry] 
New type domain.Langilea

[2021-05-08 13:07:25 #23 type] 
Type domain.Langilea is not enhanced.

[2021-05-08 13:07:25 #24 type.registry] 
New type java.util.ArrayList<java.lang.Object>

[2021-05-08 13:07:25 #25 type.registry] 
New type java.util.Vector<java.lang.Object>

------------------------------------------------------------------------------------------------------------------------

[2021-05-08 13:14:04 #1 store] 
Database 'C:\Users\Usuario\Desktop\workspace3\Bets21\src\main\resources\bets.temp' is opened by 10548@LAPTOP-83BOBPJL

[2021-05-08 13:14:04 #2 type.registry] 
New type domain.Question

[2021-05-08 13:14:04 #3 type] 
Type domain.Question is not enhanced.

[2021-05-08 13:14:04 #4 type.registry] 
New type domain.Pronostikoa

[2021-05-08 13:14:04 #5 type.registry] 
New type java.util.ArrayList<domain.Pronostikoa>

[2021-05-08 13:14:04 #6 type.registry] 
New type domain.Event

[2021-05-08 13:14:04 #7 type] 
Type domain.Pronostikoa is not enhanced.

[2021-05-08 13:14:04 #8 type.registry] 
New type domain.Apostua

[2021-05-08 13:14:04 #9 type.registry] 
New type java.util.ArrayList<domain.Apostua>

[2021-05-08 13:14:04 #10 type] 
Type domain.Event is not enhanced.

[2021-05-08 13:14:04 #11 type.registry] 
New type java.util.Vector<domain.Question>

[2021-05-08 13:14:04 #12 type] 
Type domain.Apostua is not enhanced.

[2021-05-08 13:14:04 #13 type.registry] 
New type domain.Erabiltzailea

[2021-05-08 13:14:04 #14 type.registry] 
New type domain.Erregistratua

[2021-05-08 13:14:04 #15 type] 
Type domain.Erabiltzailea is not enhanced.

[2021-05-08 13:14:04 #16 type] 
Type domain.Erregistratua is not enhanced.

[2021-05-08 13:14:04 #17 type.registry] 
New type domain.Mugimendua

[2021-05-08 13:14:04 #18 type.registry] 
New type java.util.ArrayList<domain.Mugimendua>

[2021-05-08 13:14:04 #19 type] 
Type domain.Mugimendua is not enhanced.

[2021-05-08 13:14:04 #20 type.registry] 
New type domain.Administratzailea

[2021-05-08 13:14:04 #21 type] 
Type domain.Administratzailea is not enhanced.

[2021-05-08 13:14:04 #22 type.registry] 
New type domain.Langilea

[2021-05-08 13:14:04 #23 type] 
Type domain.Langilea is not enhanced.

[2021-05-08 13:14:04 #24 type.registry] 
New type java.util.ArrayList<java.lang.Object>

[2021-05-08 13:14:04 #25 type.registry] 
New type java.util.Vector<java.lang.Object>

------------------------------------------------------------------------------------------------------------------------

[2021-05-08 13:17:22 #1 store] 
Database 'C:\Users\Usuario\Desktop\workspace3\Bets21\src\main\resources\bets.temp' is opened by 1492@LAPTOP-83BOBPJL

[2021-05-08 13:17:23 #2 type.registry] 
New type domain.Question

[2021-05-08 13:17:23 #3 type] 
Type domain.Question is not enhanced.

[2021-05-08 13:17:23 #4 type.registry] 
New type domain.Pronostikoa

[2021-05-08 13:17:23 #5 type.registry] 
New type java.util.ArrayList<domain.Pronostikoa>

[2021-05-08 13:17:23 #6 type.registry] 
New type domain.Event

[2021-05-08 13:17:23 #7 type] 
Type domain.Pronostikoa is not enhanced.

[2021-05-08 13:17:23 #8 type.registry] 
New type domain.Apostua

[2021-05-08 13:17:23 #9 type.registry] 
New type java.util.ArrayList<domain.Apostua>

[2021-05-08 13:17:23 #10 type] 
Type domain.Event is not enhanced.

[2021-05-08 13:17:23 #11 type.registry] 
New type java.util.Vector<domain.Question>

[2021-05-08 13:17:23 #12 type] 
Type domain.Apostua is not enhanced.

[2021-05-08 13:17:23 #13 type.registry] 
New type domain.Erabiltzailea

[2021-05-08 13:17:23 #14 type.registry] 
New type domain.Erregistratua

[2021-05-08 13:17:23 #15 type] 
Type domain.Erabiltzailea is not enhanced.

[2021-05-08 13:17:23 #16 type] 
Type domain.Erregistratua is not enhanced.

[2021-05-08 13:17:23 #17 type.registry] 
New type domain.Mugimendua

[2021-05-08 13:17:23 #18 type.registry] 
New type java.util.ArrayList<domain.Mugimendua>

[2021-05-08 13:17:23 #19 type] 
Type domain.Mugimendua is not enhanced.

[2021-05-08 13:17:23 #20 type.registry] 
New type domain.Administratzailea

[2021-05-08 13:17:23 #21 type] 
Type domain.Administratzailea is not enhanced.

[2021-05-08 13:17:23 #22 type.registry] 
New type domain.Langilea

[2021-05-08 13:17:23 #23 type] 
Type domain.Langilea is not enhanced.

[2021-05-08 13:17:23 #24 type.registry] 
New type java.util.ArrayList<java.lang.Object>

[2021-05-08 13:17:23 #25 type.registry] 
New type java.util.Vector<java.lang.Object>

------------------------------------------------------------------------------------------------------------------------

[2021-05-08 13:25:32 #1 store] 
Database 'C:\Users\Usuario\Desktop\workspace3\Bets21\src\main\resources\bets.temp' is opened by 1408@LAPTOP-83BOBPJL

[2021-05-08 13:25:32 #2 type.registry] 
New type domain.Question

[2021-05-08 13:25:32 #3 type] 
Type domain.Question is not enhanced.

[2021-05-08 13:25:32 #4 type.registry] 
New type domain.Pronostikoa

[2021-05-08 13:25:32 #5 type.registry] 
New type java.util.ArrayList<domain.Pronostikoa>

[2021-05-08 13:25:32 #6 type.registry] 
New type domain.Event

[2021-05-08 13:25:32 #7 type] 
Type domain.Pronostikoa is not enhanced.

[2021-05-08 13:25:32 #8 type.registry] 
New type domain.Apostua

[2021-05-08 13:25:32 #9 type.registry] 
New type java.util.ArrayList<domain.Apostua>

[2021-05-08 13:25:32 #10 type] 
Type domain.Event is not enhanced.

[2021-05-08 13:25:32 #11 type.registry] 
New type java.util.Vector<domain.Question>

[2021-05-08 13:25:32 #12 type] 
Type domain.Apostua is not enhanced.

[2021-05-08 13:25:32 #13 type.registry] 
New type domain.Erabiltzailea

[2021-05-08 13:25:32 #14 type.registry] 
New type domain.Erregistratua

[2021-05-08 13:25:32 #15 type] 
Type domain.Erabiltzailea is not enhanced.

[2021-05-08 13:25:32 #16 type] 
Type domain.Erregistratua is not enhanced.

[2021-05-08 13:25:32 #17 type.registry] 
New type domain.Mugimendua

[2021-05-08 13:25:32 #18 type.registry] 
New type java.util.ArrayList<domain.Mugimendua>

[2021-05-08 13:25:32 #19 type] 
Type domain.Mugimendua is not enhanced.

[2021-05-08 13:25:32 #20 type.registry] 
New type domain.Administratzailea

[2021-05-08 13:25:32 #21 type] 
Type domain.Administratzailea is not enhanced.

[2021-05-08 13:25:32 #22 type.registry] 
New type domain.Langilea

[2021-05-08 13:25:32 #23 type] 
Type domain.Langilea is not enhanced.

[2021-05-08 13:25:32 #24 type.registry] 
New type java.util.ArrayList<java.lang.Object>

[2021-05-08 13:25:32 #25 type.registry] 
New type java.util.Vector<java.lang.Object>

------------------------------------------------------------------------------------------------------------------------

[2021-05-08 13:28:44 #1 store] 
Database 'C:\Users\Usuario\Desktop\workspace3\Bets21\src\main\resources\bets.temp' is opened by 13444@LAPTOP-83BOBPJL

[2021-05-08 13:28:45 #2 type.registry] 
New type domain.Question

[2021-05-08 13:28:45 #3 type] 
Type domain.Question is not enhanced.

[2021-05-08 13:28:45 #4 type.registry] 
New type domain.Pronostikoa

[2021-05-08 13:28:45 #5 type.registry] 
New type java.util.ArrayList<domain.Pronostikoa>

[2021-05-08 13:28:45 #6 type.registry] 
New type domain.Event

[2021-05-08 13:28:45 #7 type] 
Type domain.Pronostikoa is not enhanced.

[2021-05-08 13:28:45 #8 type.registry] 
New type domain.Apostua

[2021-05-08 13:28:45 #9 type.registry] 
New type java.util.ArrayList<domain.Apostua>

[2021-05-08 13:28:45 #10 type] 
Type domain.Event is not enhanced.

[2021-05-08 13:28:45 #11 type.registry] 
New type java.util.Vector<domain.Question>

[2021-05-08 13:28:45 #12 type] 
Type domain.Apostua is not enhanced.

[2021-05-08 13:28:45 #13 type.registry] 
New type domain.Erabiltzailea

[2021-05-08 13:28:45 #14 type.registry] 
New type domain.Erregistratua

[2021-05-08 13:28:45 #15 type] 
Type domain.Erabiltzailea is not enhanced.

[2021-05-08 13:28:45 #16 type] 
Type domain.Erregistratua is not enhanced.

[2021-05-08 13:28:45 #17 type.registry] 
New type domain.Mugimendua

[2021-05-08 13:28:45 #18 type.registry] 
New type java.util.ArrayList<domain.Mugimendua>

[2021-05-08 13:28:45 #19 type] 
Type domain.Mugimendua is not enhanced.

[2021-05-08 13:28:45 #20 type.registry] 
New type domain.Administratzailea

[2021-05-08 13:28:45 #21 type] 
Type domain.Administratzailea is not enhanced.

[2021-05-08 13:28:45 #22 type.registry] 
New type domain.Langilea

[2021-05-08 13:28:45 #23 type] 
Type domain.Langilea is not enhanced.

[2021-05-08 13:28:45 #24 type.registry] 
New type java.util.ArrayList<java.lang.Object>

[2021-05-08 13:28:45 #25 type.registry] 
New type java.util.Vector<java.lang.Object>

------------------------------------------------------------------------------------------------------------------------

[2021-05-08 13:36:26 #1 store] 
Database 'C:\Users\Usuario\Desktop\workspace3\Bets21\src\main\resources\bets.temp' is opened by 7472@LAPTOP-83BOBPJL

[2021-05-08 13:36:26 #2 type.registry] 
New type domain.Question

[2021-05-08 13:36:26 #3 type] 
Type domain.Question is not enhanced.

[2021-05-08 13:36:26 #4 type.registry] 
New type domain.Pronostikoa

[2021-05-08 13:36:26 #5 type.registry] 
New type java.util.ArrayList<domain.Pronostikoa>

[2021-05-08 13:36:26 #6 type.registry] 
New type domain.Event

[2021-05-08 13:36:26 #7 type] 
Type domain.Pronostikoa is not enhanced.

[2021-05-08 13:36:26 #8 type.registry] 
New type domain.Apostua

[2021-05-08 13:36:26 #9 type.registry] 
New type java.util.ArrayList<domain.Apostua>

[2021-05-08 13:36:26 #10 type] 
Type domain.Event is not enhanced.

[2021-05-08 13:36:26 #11 type.registry] 
New type java.util.Vector<domain.Question>

[2021-05-08 13:36:26 #12 type] 
Type domain.Apostua is not enhanced.

[2021-05-08 13:36:26 #13 type.registry] 
New type domain.Erabiltzailea

[2021-05-08 13:36:26 #14 type.registry] 
New type domain.Erregistratua

[2021-05-08 13:36:26 #15 type] 
Type domain.Erabiltzailea is not enhanced.

[2021-05-08 13:36:26 #16 type] 
Type domain.Erregistratua is not enhanced.

[2021-05-08 13:36:26 #17 type.registry] 
New type domain.Mugimendua

[2021-05-08 13:36:26 #18 type.registry] 
New type java.util.ArrayList<domain.Mugimendua>

[2021-05-08 13:36:26 #19 type] 
Type domain.Mugimendua is not enhanced.

[2021-05-08 13:36:26 #20 type.registry] 
New type domain.Administratzailea

[2021-05-08 13:36:26 #21 type] 
Type domain.Administratzailea is not enhanced.

[2021-05-08 13:36:26 #22 type.registry] 
New type domain.Langilea

[2021-05-08 13:36:26 #23 type] 
Type domain.Langilea is not enhanced.

[2021-05-08 13:36:26 #24 type.registry] 
New type java.util.ArrayList<java.lang.Object>

[2021-05-08 13:36:26 #25 type.registry] 
New type java.util.Vector<java.lang.Object>

------------------------------------------------------------------------------------------------------------------------

[2021-05-08 13:37:08 #1 store] 
Database 'C:\Users\Usuario\Desktop\workspace3\Bets21\src\main\resources\bets.temp' is opened by 3208@LAPTOP-83BOBPJL

[2021-05-08 13:37:09 #2 type.registry] 
New type domain.Pronostikoa

[2021-05-08 13:37:09 #3 type] 
Type domain.Pronostikoa is not enhanced.

[2021-05-08 13:37:09 #4 type.registry] 
New type domain.Apostua

[2021-05-08 13:37:09 #5 type.registry] 
New type java.util.ArrayList<domain.Apostua>

[2021-05-08 13:37:09 #6 type.registry] 
New type domain.Question

[2021-05-08 13:37:09 #7 type] 
Type domain.Apostua is not enhanced.

[2021-05-08 13:37:09 #8 type.registry] 
New type domain.Erabiltzailea

[2021-05-08 13:37:09 #9 type.registry] 
New type domain.Erregistratua

[2021-05-08 13:37:09 #10 type.registry] 
New type java.util.ArrayList<domain.Pronostikoa>

[2021-05-08 13:37:09 #11 type] 
Type domain.Question is not enhanced.

[2021-05-08 13:37:09 #12 type.registry] 
New type domain.Event

[2021-05-08 13:37:09 #13 type] 
Type domain.Erabiltzailea is not enhanced.

[2021-05-08 13:37:09 #14 type] 
Type domain.Erregistratua is not enhanced.

[2021-05-08 13:37:09 #15 type.registry] 
New type domain.Mugimendua

[2021-05-08 13:37:09 #16 type.registry] 
New type java.util.ArrayList<domain.Mugimendua>

[2021-05-08 13:37:09 #17 type] 
Type domain.Event is not enhanced.

[2021-05-08 13:37:09 #18 type.registry] 
New type java.util.Vector<domain.Question>

[2021-05-08 13:37:09 #19 type] 
Type domain.Mugimendua is not enhanced.

[2021-05-08 13:37:09 #20 type.registry] 
New type domain.Administratzailea

[2021-05-08 13:37:09 #21 type] 
Type domain.Administratzailea is not enhanced.

[2021-05-08 13:37:09 #22 type.registry] 
New type domain.Langilea

[2021-05-08 13:37:09 #23 type] 
Type domain.Langilea is not enhanced.

[2021-05-08 13:37:09 #24 type.registry] 
New type java.util.ArrayList<java.lang.Object>

[2021-05-08 13:37:09 #25 type.registry] 
New type java.util.Vector<java.lang.Object>

------------------------------------------------------------------------------------------------------------------------

[2021-05-08 13:40:04 #1 store] 
Database 'C:\Users\Usuario\Desktop\workspace3\Bets21\src\main\resources\bets.temp' is opened by 720@LAPTOP-83BOBPJL

[2021-05-08 13:40:04 #2 type.registry] 
New type domain.Pronostikoa

[2021-05-08 13:40:04 #3 type] 
Type domain.Pronostikoa is not enhanced.

[2021-05-08 13:40:04 #4 type.registry] 
New type domain.Apostua

[2021-05-08 13:40:05 #5 type.registry] 
New type java.util.ArrayList<domain.Apostua>

[2021-05-08 13:40:05 #6 type.registry] 
New type domain.Question

[2021-05-08 13:40:05 #7 type] 
Type domain.Apostua is not enhanced.

[2021-05-08 13:40:05 #8 type.registry] 
New type domain.Erabiltzailea

[2021-05-08 13:40:05 #9 type.registry] 
New type domain.Erregistratua

[2021-05-08 13:40:05 #10 type.registry] 
New type java.util.ArrayList<domain.Pronostikoa>

[2021-05-08 13:40:05 #11 type] 
Type domain.Question is not enhanced.

[2021-05-08 13:40:05 #12 type.registry] 
New type domain.Event

[2021-05-08 13:40:05 #13 type] 
Type domain.Erabiltzailea is not enhanced.

[2021-05-08 13:40:05 #14 type] 
Type domain.Erregistratua is not enhanced.

[2021-05-08 13:40:05 #15 type.registry] 
New type domain.Mugimendua

[2021-05-08 13:40:05 #16 type.registry] 
New type java.util.ArrayList<domain.Mugimendua>

[2021-05-08 13:40:05 #17 type] 
Type domain.Event is not enhanced.

[2021-05-08 13:40:05 #18 type.registry] 
New type java.util.Vector<domain.Question>

[2021-05-08 13:40:05 #19 type] 
Type domain.Mugimendua is not enhanced.

[2021-05-08 13:40:05 #20 type.registry] 
New type domain.Administratzailea

[2021-05-08 13:40:05 #21 type] 
Type domain.Administratzailea is not enhanced.

[2021-05-08 13:40:05 #22 type.registry] 
New type domain.Langilea

[2021-05-08 13:40:05 #23 type] 
Type domain.Langilea is not enhanced.

[2021-05-08 13:40:05 #24 type.registry] 
New type java.util.ArrayList<java.lang.Object>

[2021-05-08 13:40:05 #25 type.registry] 
New type java.util.Vector<java.lang.Object>

------------------------------------------------------------------------------------------------------------------------

[2021-05-08 13:44:07 #1 store] 
Database 'C:\Users\Usuario\Desktop\workspace3\Bets21\src\main\resources\bets.temp' is opened by 15404@LAPTOP-83BOBPJL

[2021-05-08 13:44:07 #2 type.registry] 
New type domain.Pronostikoa

[2021-05-08 13:44:07 #3 type] 
Type domain.Pronostikoa is not enhanced.

[2021-05-08 13:44:07 #4 type.registry] 
New type domain.Apostua

[2021-05-08 13:44:07 #5 type.registry] 
New type java.util.ArrayList<domain.Apostua>

[2021-05-08 13:44:07 #6 type.registry] 
New type domain.Question

[2021-05-08 13:44:07 #7 type] 
Type domain.Apostua is not enhanced.

[2021-05-08 13:44:07 #8 type.registry] 
New type domain.Erabiltzailea

[2021-05-08 13:44:07 #9 type.registry] 
New type domain.Erregistratua

[2021-05-08 13:44:07 #10 type.registry] 
New type java.util.ArrayList<domain.Pronostikoa>

[2021-05-08 13:44:07 #11 type] 
Type domain.Question is not enhanced.

[2021-05-08 13:44:07 #12 type.registry] 
New type domain.Event

[2021-05-08 13:44:07 #13 type] 
Type domain.Erabiltzailea is not enhanced.

[2021-05-08 13:44:07 #14 type] 
Type domain.Erregistratua is not enhanced.

[2021-05-08 13:44:07 #15 type.registry] 
New type domain.Mugimendua

[2021-05-08 13:44:07 #16 type.registry] 
New type java.util.ArrayList<domain.Mugimendua>

[2021-05-08 13:44:07 #17 type] 
Type domain.Event is not enhanced.

[2021-05-08 13:44:07 #18 type.registry] 
New type java.util.Vector<domain.Question>

[2021-05-08 13:44:07 #19 type] 
Type domain.Mugimendua is not enhanced.

[2021-05-08 13:44:07 #20 type.registry] 
New type domain.Administratzailea

[2021-05-08 13:44:07 #21 type] 
Type domain.Administratzailea is not enhanced.

[2021-05-08 13:44:07 #22 type.registry] 
New type domain.Langilea

[2021-05-08 13:44:07 #23 type] 
Type domain.Langilea is not enhanced.

[2021-05-08 13:44:07 #24 type.registry] 
New type java.util.ArrayList<java.lang.Object>

[2021-05-08 13:44:07 #25 type.registry] 
New type java.util.Vector<java.lang.Object>

------------------------------------------------------------------------------------------------------------------------

[2021-05-08 13:46:58 #1 store] 
Database 'C:\Users\Usuario\Desktop\workspace3\Bets21\src\main\resources\bets.temp' is opened by 15480@LAPTOP-83BOBPJL

[2021-05-08 13:46:59 #2 type.registry] 
New type domain.Pronostikoa

[2021-05-08 13:46:59 #3 type] 
Type domain.Pronostikoa is not enhanced.

[2021-05-08 13:46:59 #4 type.registry] 
New type domain.Apostua

[2021-05-08 13:46:59 #5 type.registry] 
New type java.util.ArrayList<domain.Apostua>

[2021-05-08 13:46:59 #6 type.registry] 
New type domain.Question

[2021-05-08 13:46:59 #7 type] 
Type domain.Apostua is not enhanced.

[2021-05-08 13:46:59 #8 type.registry] 
New type domain.Erabiltzailea

[2021-05-08 13:46:59 #9 type.registry] 
New type domain.Erregistratua

[2021-05-08 13:46:59 #10 type.registry] 
New type java.util.ArrayList<domain.Pronostikoa>

[2021-05-08 13:46:59 #11 type] 
Type domain.Question is not enhanced.

[2021-05-08 13:46:59 #12 type.registry] 
New type domain.Event

[2021-05-08 13:46:59 #13 type] 
Type domain.Erabiltzailea is not enhanced.

[2021-05-08 13:46:59 #14 type] 
Type domain.Erregistratua is not enhanced.

[2021-05-08 13:46:59 #15 type.registry] 
New type domain.Mugimendua

[2021-05-08 13:46:59 #16 type.registry] 
New type java.util.ArrayList<domain.Mugimendua>

[2021-05-08 13:46:59 #17 type] 
Type domain.Event is not enhanced.

[2021-05-08 13:46:59 #18 type.registry] 
New type java.util.Vector<domain.Question>

[2021-05-08 13:46:59 #19 type] 
Type domain.Mugimendua is not enhanced.

[2021-05-08 13:46:59 #20 type.registry] 
New type domain.Administratzailea

[2021-05-08 13:46:59 #21 type] 
Type domain.Administratzailea is not enhanced.

[2021-05-08 13:46:59 #22 type.registry] 
New type domain.Langilea

[2021-05-08 13:46:59 #23 type] 
Type domain.Langilea is not enhanced.

[2021-05-08 13:46:59 #24 type.registry] 
New type java.util.ArrayList<java.lang.Object>

[2021-05-08 13:46:59 #25 type.registry] 
New type java.util.Vector<java.lang.Object>

------------------------------------------------------------------------------------------------------------------------

[2021-05-08 13:47:24 #1 store] 
Database 'C:\Users\Usuario\Desktop\workspace3\Bets21\src\main\resources\bets.temp' is opened by 5844@LAPTOP-83BOBPJL

[2021-05-08 13:47:24 #2 type.registry] 
New type domain.Pronostikoa

[2021-05-08 13:47:24 #3 type] 
Type domain.Pronostikoa is not enhanced.

[2021-05-08 13:47:24 #4 type.registry] 
New type domain.Apostua

[2021-05-08 13:47:24 #5 type.registry] 
New type java.util.ArrayList<domain.Apostua>

[2021-05-08 13:47:24 #6 type.registry] 
New type domain.Question

[2021-05-08 13:47:24 #7 type] 
Type domain.Apostua is not enhanced.

[2021-05-08 13:47:24 #8 type.registry] 
New type domain.Erabiltzailea

[2021-05-08 13:47:24 #9 type.registry] 
New type domain.Erregistratua

[2021-05-08 13:47:24 #10 type.registry] 
New type java.util.ArrayList<domain.Pronostikoa>

[2021-05-08 13:47:24 #11 type] 
Type domain.Question is not enhanced.

[2021-05-08 13:47:24 #12 type.registry] 
New type domain.Event

[2021-05-08 13:47:24 #13 type] 
Type domain.Erabiltzailea is not enhanced.

[2021-05-08 13:47:24 #14 type] 
Type domain.Erregistratua is not enhanced.

[2021-05-08 13:47:24 #15 type.registry] 
New type domain.Mugimendua

[2021-05-08 13:47:24 #16 type.registry] 
New type java.util.ArrayList<domain.Mugimendua>

[2021-05-08 13:47:24 #17 type] 
Type domain.Event is not enhanced.

[2021-05-08 13:47:24 #18 type.registry] 
New type java.util.Vector<domain.Question>

[2021-05-08 13:47:24 #19 type] 
Type domain.Mugimendua is not enhanced.

[2021-05-08 13:47:24 #20 type.registry] 
New type domain.Administratzailea

[2021-05-08 13:47:24 #21 type] 
Type domain.Administratzailea is not enhanced.

[2021-05-08 13:47:24 #22 type.registry] 
New type domain.Langilea

[2021-05-08 13:47:24 #23 type] 
Type domain.Langilea is not enhanced.

[2021-05-08 13:47:24 #24 type.registry] 
New type java.util.ArrayList<java.lang.Object>

[2021-05-08 13:47:24 #25 type.registry] 
New type java.util.Vector<java.lang.Object>

------------------------------------------------------------------------------------------------------------------------

[2021-05-08 13:48:48 #1 store] 
Database 'C:\Users\Usuario\Desktop\workspace3\Bets21\src\main\resources\bets.temp' is opened by 6192@LAPTOP-83BOBPJL

[2021-05-08 13:48:48 #2 type.registry] 
New type domain.Pronostikoa

[2021-05-08 13:48:48 #3 type] 
Type domain.Pronostikoa is not enhanced.

[2021-05-08 13:48:48 #4 type.registry] 
New type domain.Apostua

[2021-05-08 13:48:48 #5 type.registry] 
New type java.util.ArrayList<domain.Apostua>

[2021-05-08 13:48:48 #6 type.registry] 
New type domain.Question

[2021-05-08 13:48:48 #7 type] 
Type domain.Apostua is not enhanced.

[2021-05-08 13:48:48 #8 type.registry] 
New type domain.Erabiltzailea

[2021-05-08 13:48:48 #9 type.registry] 
New type domain.Erregistratua

[2021-05-08 13:48:48 #10 type.registry] 
New type java.util.ArrayList<domain.Pronostikoa>

[2021-05-08 13:48:48 #11 type] 
Type domain.Question is not enhanced.

[2021-05-08 13:48:48 #12 type.registry] 
New type domain.Event

[2021-05-08 13:48:48 #13 type] 
Type domain.Erabiltzailea is not enhanced.

[2021-05-08 13:48:48 #14 type] 
Type domain.Erregistratua is not enhanced.

[2021-05-08 13:48:48 #15 type.registry] 
New type domain.Mugimendua

[2021-05-08 13:48:48 #16 type.registry] 
New type java.util.ArrayList<domain.Mugimendua>

[2021-05-08 13:48:48 #17 type] 
Type domain.Event is not enhanced.

[2021-05-08 13:48:48 #18 type.registry] 
New type java.util.Vector<domain.Question>

[2021-05-08 13:48:48 #19 type] 
Type domain.Mugimendua is not enhanced.

[2021-05-08 13:48:48 #20 type.registry] 
New type domain.Administratzailea

[2021-05-08 13:48:48 #21 type] 
Type domain.Administratzailea is not enhanced.

[2021-05-08 13:48:48 #22 type.registry] 
New type domain.Langilea

[2021-05-08 13:48:48 #23 type] 
Type domain.Langilea is not enhanced.

[2021-05-08 13:48:48 #24 type.registry] 
New type java.util.ArrayList<java.lang.Object>

[2021-05-08 13:48:48 #25 type.registry] 
New type java.util.Vector<java.lang.Object>

------------------------------------------------------------------------------------------------------------------------

[2021-05-08 13:49:27 #1 store] 
Database 'C:\Users\Usuario\Desktop\workspace3\Bets21\src\main\resources\bets.temp' is opened by 12912@LAPTOP-83BOBPJL

[2021-05-08 13:49:28 #2 type.registry] 
New type domain.Pronostikoa

[2021-05-08 13:49:28 #3 type] 
Type domain.Pronostikoa is not enhanced.

[2021-05-08 13:49:28 #4 type.registry] 
New type domain.Apostua

[2021-05-08 13:49:28 #5 type.registry] 
New type java.util.ArrayList<domain.Apostua>

[2021-05-08 13:49:28 #6 type.registry] 
New type domain.Question

[2021-05-08 13:49:28 #7 type] 
Type domain.Apostua is not enhanced.

[2021-05-08 13:49:28 #8 type.registry] 
New type domain.Erabiltzailea

[2021-05-08 13:49:28 #9 type.registry] 
New type domain.Erregistratua

[2021-05-08 13:49:28 #10 type.registry] 
New type java.util.ArrayList<domain.Pronostikoa>

[2021-05-08 13:49:28 #11 type] 
Type domain.Question is not enhanced.

[2021-05-08 13:49:28 #12 type.registry] 
New type domain.Event

[2021-05-08 13:49:28 #13 type] 
Type domain.Erabiltzailea is not enhanced.

[2021-05-08 13:49:28 #14 type] 
Type domain.Erregistratua is not enhanced.

[2021-05-08 13:49:28 #15 type.registry] 
New type domain.Mugimendua

[2021-05-08 13:49:28 #16 type.registry] 
New type java.util.ArrayList<domain.Mugimendua>

[2021-05-08 13:49:28 #17 type] 
Type domain.Event is not enhanced.

[2021-05-08 13:49:28 #18 type.registry] 
New type java.util.Vector<domain.Question>

[2021-05-08 13:49:28 #19 type] 
Type domain.Mugimendua is not enhanced.

[2021-05-08 13:49:28 #20 type.registry] 
New type domain.Administratzailea

[2021-05-08 13:49:28 #21 type] 
Type domain.Administratzailea is not enhanced.

[2021-05-08 13:49:28 #22 type.registry] 
New type domain.Langilea

[2021-05-08 13:49:28 #23 type] 
Type domain.Langilea is not enhanced.

[2021-05-08 13:49:28 #24 type.registry] 
New type java.util.ArrayList<java.lang.Object>

[2021-05-08 13:49:28 #25 type.registry] 
New type java.util.Vector<java.lang.Object>

------------------------------------------------------------------------------------------------------------------------

[2021-05-08 13:52:52 #1 store] 
Database 'C:\Users\Usuario\Desktop\workspace3\Bets21\src\main\resources\bets.temp' is opened by 13344@LAPTOP-83BOBPJL

[2021-05-08 13:52:52 #2 type.registry] 
New type domain.Pronostikoa

[2021-05-08 13:52:52 #3 type] 
Type domain.Pronostikoa is not enhanced.

[2021-05-08 13:52:52 #4 type.registry] 
New type domain.Apostua

[2021-05-08 13:52:52 #5 type.registry] 
New type java.util.ArrayList<domain.Apostua>

[2021-05-08 13:52:52 #6 type.registry] 
New type domain.Question

[2021-05-08 13:52:52 #7 type] 
Type domain.Apostua is not enhanced.

[2021-05-08 13:52:52 #8 type.registry] 
New type domain.Erabiltzailea

[2021-05-08 13:52:52 #9 type.registry] 
New type domain.Erregistratua

[2021-05-08 13:52:52 #10 type.registry] 
New type java.util.ArrayList<domain.Pronostikoa>

[2021-05-08 13:52:52 #11 type] 
Type domain.Question is not enhanced.

[2021-05-08 13:52:52 #12 type.registry] 
New type domain.Event

[2021-05-08 13:52:52 #13 type] 
Type domain.Erabiltzailea is not enhanced.

[2021-05-08 13:52:52 #14 type] 
Type domain.Erregistratua is not enhanced.

[2021-05-08 13:52:52 #15 type.registry] 
New type domain.Mugimendua

[2021-05-08 13:52:52 #16 type.registry] 
New type java.util.ArrayList<domain.Mugimendua>

[2021-05-08 13:52:52 #17 type] 
Type domain.Event is not enhanced.

[2021-05-08 13:52:52 #18 type.registry] 
New type java.util.Vector<domain.Question>

[2021-05-08 13:52:52 #19 type] 
Type domain.Mugimendua is not enhanced.

[2021-05-08 13:52:52 #20 type.registry] 
New type domain.Administratzailea

[2021-05-08 13:52:52 #21 type] 
Type domain.Administratzailea is not enhanced.

[2021-05-08 13:52:52 #22 type.registry] 
New type domain.Langilea

[2021-05-08 13:52:52 #23 type] 
Type domain.Langilea is not enhanced.

[2021-05-08 13:52:52 #24 type.registry] 
New type java.util.ArrayList<java.lang.Object>

[2021-05-08 13:52:52 #25 type.registry] 
New type java.util.Vector<java.lang.Object>

------------------------------------------------------------------------------------------------------------------------

[2021-05-08 13:54:37 #1 store] 
Database 'C:\Users\Usuario\Desktop\workspace3\Bets21\src\main\resources\bets.temp' is opened by 16044@LAPTOP-83BOBPJL

[2021-05-08 13:54:38 #2 type.registry] 
New type domain.Pronostikoa

[2021-05-08 13:54:38 #3 type] 
Type domain.Pronostikoa is not enhanced.

[2021-05-08 13:54:38 #4 type.registry] 
New type domain.Apostua

[2021-05-08 13:54:38 #5 type.registry] 
New type java.util.ArrayList<domain.Apostua>

[2021-05-08 13:54:38 #6 type.registry] 
New type domain.Question

[2021-05-08 13:54:38 #7 type] 
Type domain.Apostua is not enhanced.

[2021-05-08 13:54:38 #8 type.registry] 
New type domain.Erabiltzailea

[2021-05-08 13:54:38 #9 type.registry] 
New type domain.Erregistratua

[2021-05-08 13:54:38 #10 type.registry] 
New type java.util.ArrayList<domain.Pronostikoa>

[2021-05-08 13:54:38 #11 type] 
Type domain.Question is not enhanced.

[2021-05-08 13:54:38 #12 type.registry] 
New type domain.Event

[2021-05-08 13:54:38 #13 type] 
Type domain.Erabiltzailea is not enhanced.

[2021-05-08 13:54:38 #14 type] 
Type domain.Erregistratua is not enhanced.

[2021-05-08 13:54:38 #15 type.registry] 
New type domain.Mugimendua

[2021-05-08 13:54:38 #16 type.registry] 
New type java.util.ArrayList<domain.Mugimendua>

[2021-05-08 13:54:38 #17 type] 
Type domain.Event is not enhanced.

[2021-05-08 13:54:38 #18 type.registry] 
New type java.util.Vector<domain.Question>

[2021-05-08 13:54:38 #19 type] 
Type domain.Mugimendua is not enhanced.

[2021-05-08 13:54:38 #20 type.registry] 
New type domain.Administratzailea

[2021-05-08 13:54:38 #21 type] 
Type domain.Administratzailea is not enhanced.

[2021-05-08 13:54:38 #22 type.registry] 
New type domain.Langilea

[2021-05-08 13:54:38 #23 type] 
Type domain.Langilea is not enhanced.

[2021-05-08 13:54:38 #24 type.registry] 
New type java.util.ArrayList<java.lang.Object>

[2021-05-08 13:54:38 #25 type.registry] 
New type java.util.Vector<java.lang.Object>

------------------------------------------------------------------------------------------------------------------------

[2021-05-08 13:56:05 #1 store] 
Database 'C:\Users\Usuario\Desktop\workspace3\Bets21\src\main\resources\bets.temp' is opened by 16380@LAPTOP-83BOBPJL

[2021-05-08 13:56:05 #2 type.registry] 
New type domain.Pronostikoa

[2021-05-08 13:56:05 #3 type] 
Type domain.Pronostikoa is not enhanced.

[2021-05-08 13:56:05 #4 type.registry] 
New type domain.Apostua

[2021-05-08 13:56:05 #5 type.registry] 
New type java.util.ArrayList<domain.Apostua>

[2021-05-08 13:56:05 #6 type.registry] 
New type domain.Question

[2021-05-08 13:56:05 #7 type] 
Type domain.Apostua is not enhanced.

[2021-05-08 13:56:05 #8 type.registry] 
New type domain.Erabiltzailea

[2021-05-08 13:56:05 #9 type.registry] 
New type domain.Erregistratua

[2021-05-08 13:56:05 #10 type.registry] 
New type java.util.ArrayList<domain.Pronostikoa>

[2021-05-08 13:56:05 #11 type] 
Type domain.Question is not enhanced.

[2021-05-08 13:56:05 #12 type.registry] 
New type domain.Event

[2021-05-08 13:56:05 #13 type] 
Type domain.Erabiltzailea is not enhanced.

[2021-05-08 13:56:05 #14 type] 
Type domain.Erregistratua is not enhanced.

[2021-05-08 13:56:05 #15 type.registry] 
New type domain.Mugimendua

[2021-05-08 13:56:05 #16 type.registry] 
New type java.util.ArrayList<domain.Mugimendua>

[2021-05-08 13:56:05 #17 type] 
Type domain.Event is not enhanced.

[2021-05-08 13:56:05 #18 type.registry] 
New type java.util.Vector<domain.Question>

[2021-05-08 13:56:05 #19 type] 
Type domain.Mugimendua is not enhanced.

[2021-05-08 13:56:05 #20 type.registry] 
New type domain.Administratzailea

[2021-05-08 13:56:05 #21 type] 
Type domain.Administratzailea is not enhanced.

[2021-05-08 13:56:05 #22 type.registry] 
New type domain.Langilea

[2021-05-08 13:56:05 #23 type] 
Type domain.Langilea is not enhanced.

[2021-05-08 13:56:05 #24 type.registry] 
New type java.util.ArrayList<java.lang.Object>

[2021-05-08 13:56:05 #25 type.registry] 
New type java.util.Vector<java.lang.Object>

------------------------------------------------------------------------------------------------------------------------

[2021-05-08 13:57:25 #1 store] 
Database 'C:\Users\Usuario\Desktop\workspace3\Bets21\src\main\resources\bets.temp' is opened by 13232@LAPTOP-83BOBPJL

[2021-05-08 13:57:25 #2 type.registry] 
New type domain.Pronostikoa

[2021-05-08 13:57:25 #3 type] 
Type domain.Pronostikoa is not enhanced.

[2021-05-08 13:57:25 #4 type.registry] 
New type domain.Apostua

[2021-05-08 13:57:25 #5 type.registry] 
New type java.util.ArrayList<domain.Apostua>

[2021-05-08 13:57:25 #6 type.registry] 
New type domain.Question

[2021-05-08 13:57:25 #7 type] 
Type domain.Apostua is not enhanced.

[2021-05-08 13:57:25 #8 type.registry] 
New type domain.Erabiltzailea

[2021-05-08 13:57:25 #9 type.registry] 
New type domain.Erregistratua

[2021-05-08 13:57:25 #10 type.registry] 
New type java.util.ArrayList<domain.Pronostikoa>

[2021-05-08 13:57:25 #11 type] 
Type domain.Question is not enhanced.

[2021-05-08 13:57:25 #12 type.registry] 
New type domain.Event

[2021-05-08 13:57:25 #13 type] 
Type domain.Erabiltzailea is not enhanced.

[2021-05-08 13:57:25 #14 type] 
Type domain.Erregistratua is not enhanced.

[2021-05-08 13:57:25 #15 type.registry] 
New type domain.Mugimendua

[2021-05-08 13:57:25 #16 type.registry] 
New type java.util.ArrayList<domain.Mugimendua>

[2021-05-08 13:57:25 #17 type] 
Type domain.Event is not enhanced.

[2021-05-08 13:57:25 #18 type.registry] 
New type java.util.Vector<domain.Question>

[2021-05-08 13:57:25 #19 type] 
Type domain.Mugimendua is not enhanced.

[2021-05-08 13:57:25 #20 type.registry] 
New type domain.Administratzailea

[2021-05-08 13:57:25 #21 type] 
Type domain.Administratzailea is not enhanced.

[2021-05-08 13:57:25 #22 type.registry] 
New type domain.Langilea

[2021-05-08 13:57:25 #23 type] 
Type domain.Langilea is not enhanced.

[2021-05-08 13:57:25 #24 type.registry] 
New type java.util.ArrayList<java.lang.Object>

[2021-05-08 13:57:25 #25 type.registry] 
New type java.util.Vector<java.lang.Object>

------------------------------------------------------------------------------------------------------------------------

[2021-05-08 13:58:52 #1 store] 
Database 'C:\Users\Usuario\Desktop\workspace3\Bets21\src\main\resources\bets.temp' is opened by 8896@LAPTOP-83BOBPJL

[2021-05-08 13:58:53 #2 type.registry] 
New type domain.Pronostikoa

[2021-05-08 13:58:53 #3 type] 
Type domain.Pronostikoa is not enhanced.

[2021-05-08 13:58:53 #4 type.registry] 
New type domain.Apostua

[2021-05-08 13:58:53 #5 type.registry] 
New type java.util.ArrayList<domain.Apostua>

[2021-05-08 13:58:53 #6 type.registry] 
New type domain.Question

[2021-05-08 13:58:53 #7 type] 
Type domain.Apostua is not enhanced.

[2021-05-08 13:58:53 #8 type.registry] 
New type domain.Erabiltzailea

[2021-05-08 13:58:53 #9 type.registry] 
New type domain.Erregistratua

[2021-05-08 13:58:53 #10 type.registry] 
New type java.util.ArrayList<domain.Pronostikoa>

[2021-05-08 13:58:53 #11 type] 
Type domain.Question is not enhanced.

[2021-05-08 13:58:53 #12 type.registry] 
New type domain.Event

[2021-05-08 13:58:53 #13 type] 
Type domain.Erabiltzailea is not enhanced.

[2021-05-08 13:58:53 #14 type] 
Type domain.Erregistratua is not enhanced.

[2021-05-08 13:58:53 #15 type.registry] 
New type domain.Mugimendua

[2021-05-08 13:58:53 #16 type.registry] 
New type java.util.ArrayList<domain.Mugimendua>

[2021-05-08 13:58:53 #17 type] 
Type domain.Event is not enhanced.

[2021-05-08 13:58:53 #18 type.registry] 
New type java.util.Vector<domain.Question>

[2021-05-08 13:58:53 #19 type] 
Type domain.Mugimendua is not enhanced.

[2021-05-08 13:58:53 #20 type.registry] 
New type domain.Administratzailea

[2021-05-08 13:58:53 #21 type] 
Type domain.Administratzailea is not enhanced.

[2021-05-08 13:58:53 #22 type.registry] 
New type domain.Langilea

[2021-05-08 13:58:53 #23 type] 
Type domain.Langilea is not enhanced.

[2021-05-08 13:58:53 #24 type.registry] 
New type java.util.ArrayList<java.lang.Object>

[2021-05-08 13:58:53 #25 type.registry] 
New type java.util.Vector<java.lang.Object>

------------------------------------------------------------------------------------------------------------------------

[2021-05-08 14:01:59 #1 store] 
Database 'C:\Users\Usuario\Desktop\workspace3\Bets21\src\main\resources\bets.temp' is opened by 7508@LAPTOP-83BOBPJL

[2021-05-08 14:02:00 #2 type.registry] 
New type domain.Pronostikoa

[2021-05-08 14:02:00 #3 type] 
Type domain.Pronostikoa is not enhanced.

[2021-05-08 14:02:00 #4 type.registry] 
New type domain.Apostua

[2021-05-08 14:02:00 #5 type.registry] 
New type java.util.ArrayList<domain.Apostua>

[2021-05-08 14:02:00 #6 type.registry] 
New type domain.Question

[2021-05-08 14:02:00 #7 type] 
Type domain.Apostua is not enhanced.

[2021-05-08 14:02:00 #8 type.registry] 
New type domain.Erabiltzailea

[2021-05-08 14:02:00 #9 type.registry] 
New type domain.Erregistratua

[2021-05-08 14:02:00 #10 type.registry] 
New type java.util.ArrayList<domain.Pronostikoa>

[2021-05-08 14:02:00 #11 type] 
Type domain.Question is not enhanced.

[2021-05-08 14:02:00 #12 type.registry] 
New type domain.Event

[2021-05-08 14:02:00 #13 type] 
Type domain.Erabiltzailea is not enhanced.

[2021-05-08 14:02:00 #14 type] 
Type domain.Erregistratua is not enhanced.

[2021-05-08 14:02:00 #15 type.registry] 
New type domain.Mugimendua

[2021-05-08 14:02:00 #16 type.registry] 
New type java.util.ArrayList<domain.Mugimendua>

[2021-05-08 14:02:00 #17 type] 
Type domain.Event is not enhanced.

[2021-05-08 14:02:00 #18 type.registry] 
New type java.util.Vector<domain.Question>

[2021-05-08 14:02:00 #19 type] 
Type domain.Mugimendua is not enhanced.

[2021-05-08 14:02:00 #20 type.registry] 
New type domain.Administratzailea

[2021-05-08 14:02:00 #21 type] 
Type domain.Administratzailea is not enhanced.

[2021-05-08 14:02:00 #22 type.registry] 
New type domain.Langilea

[2021-05-08 14:02:00 #23 type] 
Type domain.Langilea is not enhanced.

[2021-05-08 14:02:00 #24 type.registry] 
New type java.util.ArrayList<java.lang.Object>

[2021-05-08 14:02:00 #25 type.registry] 
New type java.util.Vector<java.lang.Object>

------------------------------------------------------------------------------------------------------------------------

[2021-05-08 18:35:08 #1 store] 
Database 'C:\Users\Usuario\Desktop\workspace3\Bets21\src\main\resources\bets.temp' is opened by 6944@LAPTOP-83BOBPJL

[2021-05-08 18:35:08 #2 type.registry] 
New type domain.Pronostikoa

[2021-05-08 18:35:08 #3 type] 
Type domain.Pronostikoa is not enhanced.

[2021-05-08 18:35:08 #4 type.registry] 
New type domain.Apostua

[2021-05-08 18:35:08 #5 type.registry] 
New type java.util.ArrayList<domain.Apostua>

[2021-05-08 18:35:08 #6 type.registry] 
New type domain.Question

[2021-05-08 18:35:08 #7 type] 
Type domain.Apostua is not enhanced.

[2021-05-08 18:35:08 #8 type.registry] 
New type domain.Erabiltzailea

[2021-05-08 18:35:08 #9 type.registry] 
New type domain.Erregistratua

[2021-05-08 18:35:08 #10 type.registry] 
New type java.util.ArrayList<domain.Pronostikoa>

[2021-05-08 18:35:08 #11 type] 
Type domain.Question is not enhanced.

[2021-05-08 18:35:08 #12 type.registry] 
New type domain.Event

[2021-05-08 18:35:08 #13 type] 
Type domain.Erabiltzailea is not enhanced.

[2021-05-08 18:35:08 #14 type] 
Type domain.Erregistratua is not enhanced.

[2021-05-08 18:35:08 #15 type.registry] 
New type domain.Mugimendua

[2021-05-08 18:35:08 #16 type.registry] 
New type java.util.ArrayList<domain.Mugimendua>

[2021-05-08 18:35:08 #17 type] 
Type domain.Event is not enhanced.

[2021-05-08 18:35:08 #18 type.registry] 
New type java.util.Vector<domain.Question>

[2021-05-08 18:35:08 #19 type] 
Type domain.Mugimendua is not enhanced.

[2021-05-08 18:35:08 #20 type.registry] 
New type domain.Administratzailea

[2021-05-08 18:35:08 #21 type] 
Type domain.Administratzailea is not enhanced.

[2021-05-08 18:35:08 #22 type.registry] 
New type domain.Langilea

[2021-05-08 18:35:08 #23 type] 
Type domain.Langilea is not enhanced.

[2021-05-08 18:35:08 #24 type.registry] 
New type java.util.ArrayList<java.lang.Object>

[2021-05-08 18:35:08 #25 type.registry] 
New type java.util.Vector<java.lang.Object>

------------------------------------------------------------------------------------------------------------------------

[2021-05-08 19:20:48 #1 store] 
Database 'C:\Users\Usuario\Desktop\workspace3\Bets21\src\main\resources\bets.temp' is opened by 5632@LAPTOP-83BOBPJL

[2021-05-08 19:20:48 #2 type.registry] 
New type domain.Pronostikoa

[2021-05-08 19:20:48 #3 type] 
Type domain.Pronostikoa is not enhanced.

[2021-05-08 19:20:48 #4 type.registry] 
New type domain.Apostua

[2021-05-08 19:20:48 #5 type.registry] 
New type java.util.ArrayList<domain.Apostua>

[2021-05-08 19:20:48 #6 type.registry] 
New type domain.Question

[2021-05-08 19:20:48 #7 type] 
Type domain.Apostua is not enhanced.

[2021-05-08 19:20:48 #8 type.registry] 
New type domain.Erabiltzailea

[2021-05-08 19:20:48 #9 type.registry] 
New type domain.Erregistratua

[2021-05-08 19:20:48 #10 type.registry] 
New type java.util.ArrayList<domain.Pronostikoa>

[2021-05-08 19:20:48 #11 type] 
Type domain.Question is not enhanced.

[2021-05-08 19:20:48 #12 type.registry] 
New type domain.Event

[2021-05-08 19:20:48 #13 type] 
Type domain.Erabiltzailea is not enhanced.

[2021-05-08 19:20:48 #14 type] 
Type domain.Erregistratua is not enhanced.

[2021-05-08 19:20:48 #15 type.registry] 
New type domain.Mugimendua

[2021-05-08 19:20:48 #16 type.registry] 
New type java.util.ArrayList<domain.Mugimendua>

[2021-05-08 19:20:48 #17 type] 
Type domain.Event is not enhanced.

[2021-05-08 19:20:48 #18 type.registry] 
New type java.util.Vector<domain.Question>

[2021-05-08 19:20:48 #19 type] 
Type domain.Mugimendua is not enhanced.

[2021-05-08 19:20:48 #20 type.registry] 
New type domain.Administratzailea

[2021-05-08 19:20:48 #21 type] 
Type domain.Administratzailea is not enhanced.

[2021-05-08 19:20:48 #22 type.registry] 
New type domain.Langilea

[2021-05-08 19:20:48 #23 type] 
Type domain.Langilea is not enhanced.

[2021-05-08 19:20:48 #24 type.registry] 
New type java.util.ArrayList<java.lang.Object>

[2021-05-08 19:20:48 #25 type.registry] 
New type java.util.Vector<java.lang.Object>

