------------------------------------------------------------------------------------------------------------------------

[2021-02-27 13:22:14 #1 store] 
Database 'C:\Users\Usuario\Desktop\workspace3\Bets21\src\main\resources\bets.temp' is opened by 7260@LAPTOP-83BOBPJL

[2021-02-27 13:22:15 #2 type.registry] 
New type domain.Question

[2021-02-27 13:22:15 #3 type] 
Type domain.Question is not enhanced.

[2021-02-27 13:22:15 #4 type.registry] 
New type domain.Event

[2021-02-27 13:22:15 #5 type] 
Type domain.Event is not enhanced.

[2021-02-27 13:22:15 #6 type.registry] 
New type java.util.Vector<domain.Question>

[2021-02-27 13:22:15 #7 type.registry] 
New type domain.Erabiltzailea

[2021-02-27 13:22:15 #8 type.registry] 
New type domain.Administratzailea

[2021-02-27 13:22:15 #9 type] 
Type domain.Erabiltzailea is not enhanced.

[2021-02-27 13:22:15 #10 type] 
Type domain.Administratzailea is not enhanced.

[2021-02-27 13:22:15 #11 type.registry] 
New type domain.Langilea

[2021-02-27 13:22:15 #12 type] 
Type domain.Langilea is not enhanced.

[2021-02-27 13:22:15 #13 type.registry] 
New type domain.Erregistratua

[2021-02-27 13:22:15 #14 type] 
Type domain.Erregistratua is not enhanced.

[2021-02-27 13:22:15 #15 type.registry] 
New type java.util.Vector<java.lang.Object>

------------------------------------------------------------------------------------------------------------------------

[2021-02-27 13:35:26 #1 store] 
Database 'C:\Users\Usuario\Desktop\workspace3\Bets21\src\main\resources\bets.temp' is opened by 8208@LAPTOP-83BOBPJL

[2021-02-27 13:35:26 #2 type.registry] 
New type domain.Question

[2021-02-27 13:35:26 #3 type] 
Type domain.Question is not enhanced.

[2021-02-27 13:35:26 #4 type.registry] 
New type domain.Event

[2021-02-27 13:35:26 #5 type] 
Type domain.Event is not enhanced.

[2021-02-27 13:35:26 #6 type.registry] 
New type java.util.Vector<domain.Question>

[2021-02-27 13:35:26 #7 type.registry] 
New type domain.Erabiltzailea

[2021-02-27 13:35:26 #8 type.registry] 
New type domain.Administratzailea

[2021-02-27 13:35:26 #9 type] 
Type domain.Erabiltzailea is not enhanced.

[2021-02-27 13:35:26 #10 type] 
Type domain.Administratzailea is not enhanced.

[2021-02-27 13:35:26 #11 type.registry] 
New type domain.Langilea

[2021-02-27 13:35:26 #12 type] 
Type domain.Langilea is not enhanced.

[2021-02-27 13:35:26 #13 type.registry] 
New type domain.Erregistratua

[2021-02-27 13:35:26 #14 type] 
Type domain.Erregistratua is not enhanced.

[2021-02-27 13:35:26 #15 type.registry] 
New type java.util.Vector<java.lang.Object>

------------------------------------------------------------------------------------------------------------------------

[2021-02-27 13:40:50 #1 store] 
Database 'C:\Users\Usuario\Desktop\workspace3\Bets21\src\main\resources\bets.temp' is opened by 2424@LAPTOP-83BOBPJL

[2021-02-27 13:40:51 #2 type.registry] 
New type domain.Question

[2021-02-27 13:40:51 #3 type] 
Type domain.Question is not enhanced.

[2021-02-27 13:40:51 #4 type.registry] 
New type domain.Event

[2021-02-27 13:40:51 #5 type] 
Type domain.Event is not enhanced.

[2021-02-27 13:40:51 #6 type.registry] 
New type java.util.Vector<domain.Question>

[2021-02-27 13:40:51 #7 type.registry] 
New type domain.Erabiltzailea

[2021-02-27 13:40:51 #8 type.registry] 
New type domain.Administratzailea

[2021-02-27 13:40:51 #9 type] 
Type domain.Erabiltzailea is not enhanced.

[2021-02-27 13:40:51 #10 type] 
Type domain.Administratzailea is not enhanced.

[2021-02-27 13:40:51 #11 type.registry] 
New type domain.Langilea

[2021-02-27 13:40:51 #12 type] 
Type domain.Langilea is not enhanced.

[2021-02-27 13:40:51 #13 type.registry] 
New type domain.Erregistratua

[2021-02-27 13:40:51 #14 type] 
Type domain.Erregistratua is not enhanced.

[2021-02-27 13:40:51 #15 type.registry] 
New type java.util.Vector<java.lang.Object>

------------------------------------------------------------------------------------------------------------------------

[2021-02-27 13:46:13 #1 store] 
Database 'C:\Users\Usuario\Desktop\workspace3\Bets21\src\main\resources\bets.temp' is opened by 6668@LAPTOP-83BOBPJL

[2021-02-27 13:46:14 #2 type.registry] 
New type domain.Question

[2021-02-27 13:46:14 #3 type] 
Type domain.Question is not enhanced.

[2021-02-27 13:46:14 #4 type.registry] 
New type domain.Event

[2021-02-27 13:46:14 #5 type] 
Type domain.Event is not enhanced.

[2021-02-27 13:46:14 #6 type.registry] 
New type java.util.Vector<domain.Question>

[2021-02-27 13:46:14 #7 type.registry] 
New type domain.Erabiltzailea

[2021-02-27 13:46:14 #8 type.registry] 
New type domain.Administratzailea

[2021-02-27 13:46:14 #9 type] 
Type domain.Erabiltzailea is not enhanced.

[2021-02-27 13:46:14 #10 type] 
Type domain.Administratzailea is not enhanced.

[2021-02-27 13:46:14 #11 type.registry] 
New type domain.Langilea

[2021-02-27 13:46:14 #12 type] 
Type domain.Langilea is not enhanced.

[2021-02-27 13:46:14 #13 type.registry] 
New type domain.Erregistratua

[2021-02-27 13:46:14 #14 type] 
Type domain.Erregistratua is not enhanced.

[2021-02-27 13:46:14 #15 type.registry] 
New type java.util.Vector<java.lang.Object>

------------------------------------------------------------------------------------------------------------------------

[2021-02-27 13:50:05 #1 store] 
Database 'C:\Users\Usuario\Desktop\workspace3\Bets21\src\main\resources\bets.temp' is opened by 13608@LAPTOP-83BOBPJL

[2021-02-27 13:50:05 #2 type.registry] 
New type domain.Question

[2021-02-27 13:50:05 #3 type] 
Type domain.Question is not enhanced.

[2021-02-27 13:50:05 #4 type.registry] 
New type domain.Event

[2021-02-27 13:50:05 #5 type] 
Type domain.Event is not enhanced.

[2021-02-27 13:50:06 #6 type.registry] 
New type java.util.Vector<domain.Question>

[2021-02-27 13:50:06 #7 type.registry] 
New type domain.Erabiltzailea

[2021-02-27 13:50:06 #8 type.registry] 
New type domain.Administratzailea

[2021-02-27 13:50:06 #9 type] 
Type domain.Erabiltzailea is not enhanced.

[2021-02-27 13:50:06 #10 type] 
Type domain.Administratzailea is not enhanced.

[2021-02-27 13:50:06 #11 type.registry] 
New type domain.Langilea

[2021-02-27 13:50:06 #12 type] 
Type domain.Langilea is not enhanced.

[2021-02-27 13:50:06 #13 type.registry] 
New type domain.Erregistratua

[2021-02-27 13:50:06 #14 type] 
Type domain.Erregistratua is not enhanced.

[2021-02-27 13:50:06 #15 type.registry] 
New type java.util.Vector<java.lang.Object>

------------------------------------------------------------------------------------------------------------------------

[2021-02-27 14:04:58 #1 store] 
Database 'C:\Users\Usuario\Desktop\workspace3\Bets21\src\main\resources\bets.temp' is opened by 10900@LAPTOP-83BOBPJL

[2021-02-27 14:04:58 #2 type.registry] 
New type domain.Question

[2021-02-27 14:04:58 #3 type] 
Type domain.Question is not enhanced.

[2021-02-27 14:04:58 #4 type.registry] 
New type domain.Event

[2021-02-27 14:04:58 #5 type] 
Type domain.Event is not enhanced.

[2021-02-27 14:04:58 #6 type.registry] 
New type java.util.Vector<domain.Question>

[2021-02-27 14:04:58 #7 type.registry] 
New type domain.Erabiltzailea

[2021-02-27 14:04:58 #8 type.registry] 
New type domain.Administratzailea

[2021-02-27 14:04:58 #9 type] 
Type domain.Erabiltzailea is not enhanced.

[2021-02-27 14:04:58 #10 type] 
Type domain.Administratzailea is not enhanced.

[2021-02-27 14:04:58 #11 type.registry] 
New type domain.Langilea

[2021-02-27 14:04:58 #12 type] 
Type domain.Langilea is not enhanced.

[2021-02-27 14:04:58 #13 type.registry] 
New type domain.Erregistratua

[2021-02-27 14:04:58 #14 type] 
Type domain.Erregistratua is not enhanced.

[2021-02-27 14:04:58 #15 type.registry] 
New type java.util.Vector<java.lang.Object>

------------------------------------------------------------------------------------------------------------------------

[2021-02-27 14:10:21 #1 store] 
Database 'C:\Users\Usuario\Desktop\workspace3\Bets21\src\main\resources\bets.temp' is opened by 9012@LAPTOP-83BOBPJL

[2021-02-27 14:10:21 #2 type.registry] 
New type domain.Question

[2021-02-27 14:10:21 #3 type] 
Type domain.Question is not enhanced.

[2021-02-27 14:10:21 #4 type.registry] 
New type domain.Event

[2021-02-27 14:10:21 #5 type] 
Type domain.Event is not enhanced.

[2021-02-27 14:10:21 #6 type.registry] 
New type java.util.Vector<domain.Question>

[2021-02-27 14:10:21 #7 type.registry] 
New type domain.Erabiltzailea

[2021-02-27 14:10:21 #8 type.registry] 
New type domain.Administratzailea

[2021-02-27 14:10:21 #9 type] 
Type domain.Erabiltzailea is not enhanced.

[2021-02-27 14:10:21 #10 type] 
Type domain.Administratzailea is not enhanced.

[2021-02-27 14:10:21 #11 type.registry] 
New type domain.Langilea

[2021-02-27 14:10:21 #12 type] 
Type domain.Langilea is not enhanced.

[2021-02-27 14:10:21 #13 type.registry] 
New type domain.Erregistratua

[2021-02-27 14:10:21 #14 type] 
Type domain.Erregistratua is not enhanced.

[2021-02-27 14:10:21 #15 type.registry] 
New type java.util.Vector<java.lang.Object>

------------------------------------------------------------------------------------------------------------------------

[2021-02-27 14:13:43 #1 store] 
Database 'C:\Users\Usuario\Desktop\workspace3\Bets21\src\main\resources\bets.temp' is opened by 13948@LAPTOP-83BOBPJL

[2021-02-27 14:13:43 #2 type.registry] 
New type domain.Question

[2021-02-27 14:13:43 #3 type] 
Type domain.Question is not enhanced.

[2021-02-27 14:13:43 #4 type.registry] 
New type domain.Event

[2021-02-27 14:13:43 #5 type] 
Type domain.Event is not enhanced.

[2021-02-27 14:13:43 #6 type.registry] 
New type java.util.Vector<domain.Question>

[2021-02-27 14:13:43 #7 type.registry] 
New type domain.Erabiltzailea

[2021-02-27 14:13:43 #8 type.registry] 
New type domain.Administratzailea

[2021-02-27 14:13:43 #9 type] 
Type domain.Erabiltzailea is not enhanced.

[2021-02-27 14:13:43 #10 type] 
Type domain.Administratzailea is not enhanced.

[2021-02-27 14:13:43 #11 type.registry] 
New type domain.Langilea

[2021-02-27 14:13:43 #12 type] 
Type domain.Langilea is not enhanced.

[2021-02-27 14:13:43 #13 type.registry] 
New type domain.Erregistratua

[2021-02-27 14:13:43 #14 type] 
Type domain.Erregistratua is not enhanced.

[2021-02-27 14:13:43 #15 type.registry] 
New type java.util.Vector<java.lang.Object>

------------------------------------------------------------------------------------------------------------------------

[2021-02-27 14:28:06 #1 store] 
Database 'C:\Users\Usuario\Desktop\workspace3\Bets21\src\main\resources\bets.temp' is opened by 3324@LAPTOP-83BOBPJL

[2021-02-27 14:28:07 #2 type.registry] 
New type domain.Question

[2021-02-27 14:28:07 #3 type] 
Type domain.Question is not enhanced.

[2021-02-27 14:28:07 #4 type.registry] 
New type domain.Event

[2021-02-27 14:28:07 #5 type] 
Type domain.Event is not enhanced.

[2021-02-27 14:28:07 #6 type.registry] 
New type java.util.Vector<domain.Question>

[2021-02-27 14:28:07 #7 type.registry] 
New type domain.Erabiltzailea

[2021-02-27 14:28:07 #8 type.registry] 
New type domain.Administratzailea

[2021-02-27 14:28:07 #9 type] 
Type domain.Erabiltzailea is not enhanced.

[2021-02-27 14:28:07 #10 type] 
Type domain.Administratzailea is not enhanced.

[2021-02-27 14:28:07 #11 type.registry] 
New type domain.Langilea

[2021-02-27 14:28:07 #12 type] 
Type domain.Langilea is not enhanced.

[2021-02-27 14:28:07 #13 type.registry] 
New type domain.Erregistratua

[2021-02-27 14:28:07 #14 type] 
Type domain.Erregistratua is not enhanced.

[2021-02-27 14:28:07 #15 type.registry] 
New type java.util.Vector<java.lang.Object>

------------------------------------------------------------------------------------------------------------------------

[2021-02-27 14:28:46 #1 store] 
Database 'C:\Users\Usuario\Desktop\workspace3\Bets21\src\main\resources\bets.temp' is opened by 11628@LAPTOP-83BOBPJL

[2021-02-27 14:28:47 #2 type.registry] 
New type domain.Question

[2021-02-27 14:28:47 #3 type] 
Type domain.Question is not enhanced.

[2021-02-27 14:28:47 #4 type.registry] 
New type domain.Event

[2021-02-27 14:28:47 #5 type] 
Type domain.Event is not enhanced.

[2021-02-27 14:28:47 #6 type.registry] 
New type java.util.Vector<domain.Question>

[2021-02-27 14:28:47 #7 type.registry] 
New type domain.Erabiltzailea

[2021-02-27 14:28:47 #8 type.registry] 
New type domain.Administratzailea

[2021-02-27 14:28:47 #9 type] 
Type domain.Erabiltzailea is not enhanced.

[2021-02-27 14:28:47 #10 type] 
Type domain.Administratzailea is not enhanced.

[2021-02-27 14:28:47 #11 type.registry] 
New type domain.Langilea

[2021-02-27 14:28:47 #12 type] 
Type domain.Langilea is not enhanced.

[2021-02-27 14:28:47 #13 type.registry] 
New type domain.Erregistratua

[2021-02-27 14:28:47 #14 type] 
Type domain.Erregistratua is not enhanced.

[2021-02-27 14:28:47 #15 type.registry] 
New type java.util.Vector<java.lang.Object>

