------------------------------------------------------------------------------------------------------------------------

[2021-02-20 14:27:51 #1 store] 
Database 'C:\Users\Usuario\Desktop\workspace3\Bets21\src\main\resources\bets.temp' is opened by 964@LAPTOP-83BOBPJL

[2021-02-20 14:27:52 #2 type.registry] 
New type domain.Question

[2021-02-20 14:27:52 #3 type] 
Type domain.Question is not enhanced.

[2021-02-20 14:27:52 #4 type.registry] 
New type domain.Event

[2021-02-20 14:27:52 #5 type] 
Type domain.Event is not enhanced.

[2021-02-20 14:27:52 #6 type.registry] 
New type java.util.Vector<domain.Question>

[2021-02-20 14:27:52 #7 type.registry] 
New type domain.Erabiltzailea

[2021-02-20 14:27:52 #8 type.registry] 
New type domain.Administratzailea

[2021-02-20 14:27:52 #9 type] 
Type domain.Erabiltzailea is not enhanced.

[2021-02-20 14:27:52 #10 type] 
Type domain.Administratzailea is not enhanced.

[2021-02-20 14:27:52 #11 type.registry] 
New type domain.Langilea

[2021-02-20 14:27:52 #12 type] 
Type domain.Langilea is not enhanced.

[2021-02-20 14:27:52 #13 type.registry] 
New type domain.Erregistratua

[2021-02-20 14:27:52 #14 type] 
Type domain.Erregistratua is not enhanced.

[2021-02-20 14:27:52 #15 type.registry] 
New type java.util.Vector<java.lang.Object>

