------------------------------------------------------------------------------------------------------------------------

[2021-04-05 11:32:35 #1 store] 
Database 'C:\Users\Usuario\Desktop\workspace3\Bets21\src\main\resources\bets.temp' is opened by 12248@LAPTOP-83BOBPJL

[2021-04-05 11:32:35 #2 type.registry] 
New type domain.Question

[2021-04-05 11:32:35 #3 type] 
Type domain.Question is not enhanced.

[2021-04-05 11:32:35 #4 type.registry] 
New type domain.Event

[2021-04-05 11:32:35 #5 type] 
Type domain.Event is not enhanced.

[2021-04-05 11:32:35 #6 type.registry] 
New type java.util.Vector<domain.Question>

[2021-04-05 11:32:35 #7 type.registry] 
New type domain.Erabiltzailea

[2021-04-05 11:32:35 #8 type.registry] 
New type domain.Administratzailea

[2021-04-05 11:32:35 #9 type] 
Type domain.Erabiltzailea is not enhanced.

[2021-04-05 11:32:35 #10 type] 
Type domain.Administratzailea is not enhanced.

[2021-04-05 11:32:35 #11 type.registry] 
New type domain.Langilea

[2021-04-05 11:32:35 #12 type] 
Type domain.Langilea is not enhanced.

[2021-04-05 11:32:35 #13 type.registry] 
New type domain.Erregistratua

[2021-04-05 11:32:35 #14 type] 
Type domain.Erregistratua is not enhanced.

[2021-04-05 11:32:35 #15 type.registry] 
New type java.util.Vector<java.lang.Object>

------------------------------------------------------------------------------------------------------------------------

[2021-04-05 11:33:53 #1 store] 
Database 'C:\Users\Usuario\Desktop\workspace3\Bets21\src\main\resources\bets.temp' is opened by 15336@LAPTOP-83BOBPJL

[2021-04-05 11:33:53 #2 type.registry] 
New type domain.Question

[2021-04-05 11:33:54 #3 type] 
Type domain.Question is not enhanced.

[2021-04-05 11:33:54 #4 type.registry] 
New type domain.Event

[2021-04-05 11:33:54 #5 type] 
Type domain.Event is not enhanced.

[2021-04-05 11:33:54 #6 type.registry] 
New type java.util.Vector<domain.Question>

[2021-04-05 11:33:54 #7 type.registry] 
New type domain.Erabiltzailea

[2021-04-05 11:33:54 #8 type.registry] 
New type domain.Administratzailea

[2021-04-05 11:33:54 #9 type] 
Type domain.Erabiltzailea is not enhanced.

[2021-04-05 11:33:54 #10 type] 
Type domain.Administratzailea is not enhanced.

[2021-04-05 11:33:54 #11 type.registry] 
New type domain.Langilea

[2021-04-05 11:33:54 #12 type] 
Type domain.Langilea is not enhanced.

[2021-04-05 11:33:54 #13 type.registry] 
New type domain.Erregistratua

[2021-04-05 11:33:54 #14 type] 
Type domain.Erregistratua is not enhanced.

[2021-04-05 11:33:54 #15 type.registry] 
New type java.util.Vector<java.lang.Object>

------------------------------------------------------------------------------------------------------------------------

[2021-04-05 11:36:08 #1 store] 
Database 'C:\Users\Usuario\Desktop\workspace3\Bets21\src\main\resources\bets.temp' is opened by 844@LAPTOP-83BOBPJL

[2021-04-05 11:36:08 #2 type.registry] 
New type domain.Question

[2021-04-05 11:36:08 #3 type] 
Type domain.Question is not enhanced.

[2021-04-05 11:36:08 #4 type.registry] 
New type domain.Event

[2021-04-05 11:36:08 #5 type] 
Type domain.Event is not enhanced.

[2021-04-05 11:36:08 #6 type.registry] 
New type java.util.Vector<domain.Question>

[2021-04-05 11:36:08 #7 type.registry] 
New type domain.Erabiltzailea

[2021-04-05 11:36:08 #8 type.registry] 
New type domain.Administratzailea

[2021-04-05 11:36:08 #9 type] 
Type domain.Erabiltzailea is not enhanced.

[2021-04-05 11:36:08 #10 type] 
Type domain.Administratzailea is not enhanced.

[2021-04-05 11:36:08 #11 type.registry] 
New type domain.Langilea

[2021-04-05 11:36:08 #12 type] 
Type domain.Langilea is not enhanced.

[2021-04-05 11:36:08 #13 type.registry] 
New type domain.Erregistratua

[2021-04-05 11:36:08 #14 type] 
Type domain.Erregistratua is not enhanced.

[2021-04-05 11:36:08 #15 type.registry] 
New type java.util.Vector<java.lang.Object>

------------------------------------------------------------------------------------------------------------------------

[2021-04-05 11:55:21 #1 store] 
Database 'C:\Users\Usuario\Desktop\workspace3\Bets21\src\main\resources\bets.temp' is opened by 6004@LAPTOP-83BOBPJL

[2021-04-05 11:55:22 #2 type.registry] 
New type domain.Question

[2021-04-05 11:55:22 #3 type] 
Type domain.Question is not enhanced.

[2021-04-05 11:55:22 #4 type.registry] 
New type domain.Event

[2021-04-05 11:55:22 #5 type] 
Type domain.Event is not enhanced.

[2021-04-05 11:55:22 #6 type.registry] 
New type java.util.Vector<domain.Question>

[2021-04-05 11:55:22 #7 type.registry] 
New type domain.Erabiltzailea

[2021-04-05 11:55:22 #8 type.registry] 
New type domain.Administratzailea

[2021-04-05 11:55:22 #9 type] 
Type domain.Erabiltzailea is not enhanced.

[2021-04-05 11:55:22 #10 type] 
Type domain.Administratzailea is not enhanced.

[2021-04-05 11:55:22 #11 type.registry] 
New type domain.Langilea

[2021-04-05 11:55:22 #12 type] 
Type domain.Langilea is not enhanced.

[2021-04-05 11:55:22 #13 type.registry] 
New type domain.Erregistratua

[2021-04-05 11:55:22 #14 type] 
Type domain.Erregistratua is not enhanced.

[2021-04-05 11:55:22 #15 type.registry] 
New type java.util.Vector<java.lang.Object>

------------------------------------------------------------------------------------------------------------------------

[2021-04-05 11:58:04 #1 store] 
Database 'C:\Users\Usuario\Desktop\workspace3\Bets21\src\main\resources\bets.temp' is opened by 10156@LAPTOP-83BOBPJL

[2021-04-05 11:58:04 #2 type.registry] 
New type domain.Question

[2021-04-05 11:58:04 #3 type] 
Type domain.Question is not enhanced.

[2021-04-05 11:58:04 #4 type.registry] 
New type domain.Event

[2021-04-05 11:58:04 #5 type] 
Type domain.Event is not enhanced.

[2021-04-05 11:58:04 #6 type.registry] 
New type java.util.Vector<domain.Question>

[2021-04-05 11:58:04 #7 type.registry] 
New type domain.Erabiltzailea

[2021-04-05 11:58:04 #8 type.registry] 
New type domain.Administratzailea

[2021-04-05 11:58:04 #9 type] 
Type domain.Erabiltzailea is not enhanced.

[2021-04-05 11:58:04 #10 type] 
Type domain.Administratzailea is not enhanced.

[2021-04-05 11:58:04 #11 type.registry] 
New type domain.Langilea

[2021-04-05 11:58:04 #12 type] 
Type domain.Langilea is not enhanced.

[2021-04-05 11:58:04 #13 type.registry] 
New type domain.Erregistratua

[2021-04-05 11:58:04 #14 type] 
Type domain.Erregistratua is not enhanced.

[2021-04-05 11:58:04 #15 type.registry] 
New type java.util.Vector<java.lang.Object>

------------------------------------------------------------------------------------------------------------------------

[2021-04-05 12:07:35 #1 store] 
Database 'C:\Users\Usuario\Desktop\workspace3\Bets21\src\main\resources\bets.temp' is opened by 6904@LAPTOP-83BOBPJL

[2021-04-05 12:07:35 #2 type.registry] 
New type domain.Question

[2021-04-05 12:07:35 #3 type] 
Type domain.Question is not enhanced.

[2021-04-05 12:07:35 #4 type.registry] 
New type domain.Event

[2021-04-05 12:07:35 #5 type] 
Type domain.Event is not enhanced.

[2021-04-05 12:07:35 #6 type.registry] 
New type java.util.Vector<domain.Question>

[2021-04-05 12:07:35 #7 type.registry] 
New type domain.Erabiltzailea

[2021-04-05 12:07:35 #8 type.registry] 
New type domain.Administratzailea

[2021-04-05 12:07:35 #9 type] 
Type domain.Erabiltzailea is not enhanced.

[2021-04-05 12:07:35 #10 type] 
Type domain.Administratzailea is not enhanced.

[2021-04-05 12:07:35 #11 type.registry] 
New type domain.Langilea

[2021-04-05 12:07:35 #12 type] 
Type domain.Langilea is not enhanced.

[2021-04-05 12:07:35 #13 type.registry] 
New type domain.Erregistratua

[2021-04-05 12:07:35 #14 type] 
Type domain.Erregistratua is not enhanced.

[2021-04-05 12:07:35 #15 type.registry] 
New type java.util.Vector<java.lang.Object>

------------------------------------------------------------------------------------------------------------------------

[2021-04-05 12:07:57 #1 store] 
Database 'C:\Users\Usuario\Desktop\workspace3\Bets21\src\main\resources\bets.temp' is opened by 1712@LAPTOP-83BOBPJL

[2021-04-05 12:07:57 #2 type.registry] 
New type domain.Question

[2021-04-05 12:07:57 #3 type] 
Type domain.Question is not enhanced.

[2021-04-05 12:07:57 #4 type.registry] 
New type domain.Event

[2021-04-05 12:07:57 #5 type] 
Type domain.Event is not enhanced.

[2021-04-05 12:07:57 #6 type.registry] 
New type java.util.Vector<domain.Question>

[2021-04-05 12:07:57 #7 type.registry] 
New type domain.Erabiltzailea

[2021-04-05 12:07:57 #8 type.registry] 
New type domain.Administratzailea

[2021-04-05 12:07:57 #9 type] 
Type domain.Erabiltzailea is not enhanced.

[2021-04-05 12:07:57 #10 type] 
Type domain.Administratzailea is not enhanced.

[2021-04-05 12:07:57 #11 type.registry] 
New type domain.Langilea

[2021-04-05 12:07:57 #12 type] 
Type domain.Langilea is not enhanced.

[2021-04-05 12:07:57 #13 type.registry] 
New type domain.Erregistratua

[2021-04-05 12:07:57 #14 type] 
Type domain.Erregistratua is not enhanced.

[2021-04-05 12:07:57 #15 type.registry] 
New type java.util.Vector<java.lang.Object>

------------------------------------------------------------------------------------------------------------------------

[2021-04-05 12:08:11 #1 store] 
Database 'C:\Users\Usuario\Desktop\workspace3\Bets21\src\main\resources\bets.temp' is opened by 10704@LAPTOP-83BOBPJL

[2021-04-05 12:08:11 #2 type.registry] 
New type domain.Question

[2021-04-05 12:08:11 #3 type] 
Type domain.Question is not enhanced.

[2021-04-05 12:08:11 #4 type.registry] 
New type domain.Event

[2021-04-05 12:08:11 #5 type] 
Type domain.Event is not enhanced.

[2021-04-05 12:08:11 #6 type.registry] 
New type java.util.Vector<domain.Question>

[2021-04-05 12:08:11 #7 type.registry] 
New type domain.Erabiltzailea

[2021-04-05 12:08:11 #8 type.registry] 
New type domain.Administratzailea

[2021-04-05 12:08:11 #9 type] 
Type domain.Erabiltzailea is not enhanced.

[2021-04-05 12:08:11 #10 type] 
Type domain.Administratzailea is not enhanced.

[2021-04-05 12:08:11 #11 type.registry] 
New type domain.Langilea

[2021-04-05 12:08:11 #12 type] 
Type domain.Langilea is not enhanced.

[2021-04-05 12:08:11 #13 type.registry] 
New type domain.Erregistratua

[2021-04-05 12:08:11 #14 type] 
Type domain.Erregistratua is not enhanced.

[2021-04-05 12:08:11 #15 type.registry] 
New type java.util.Vector<java.lang.Object>

------------------------------------------------------------------------------------------------------------------------

[2021-04-05 12:23:11 #1 store] 
Database 'C:\Users\Usuario\Desktop\workspace3\Bets21\src\main\resources\bets.temp' is opened by 11424@LAPTOP-83BOBPJL

[2021-04-05 12:23:11 #2 type.registry] 
New type domain.Question

[2021-04-05 12:23:11 #3 type] 
Type domain.Question is not enhanced.

[2021-04-05 12:23:11 #4 type.registry] 
New type domain.Event

[2021-04-05 12:23:11 #5 type] 
Type domain.Event is not enhanced.

[2021-04-05 12:23:11 #6 type.registry] 
New type java.util.Vector<domain.Question>

[2021-04-05 12:23:11 #7 type.registry] 
New type domain.Erabiltzailea

[2021-04-05 12:23:11 #8 type.registry] 
New type domain.Administratzailea

[2021-04-05 12:23:11 #9 type] 
Type domain.Erabiltzailea is not enhanced.

[2021-04-05 12:23:11 #10 type] 
Type domain.Administratzailea is not enhanced.

[2021-04-05 12:23:11 #11 type.registry] 
New type domain.Langilea

[2021-04-05 12:23:11 #12 type] 
Type domain.Langilea is not enhanced.

[2021-04-05 12:23:11 #13 type.registry] 
New type domain.Erregistratua

[2021-04-05 12:23:11 #14 type] 
Type domain.Erregistratua is not enhanced.

[2021-04-05 12:23:11 #15 type.registry] 
New type java.util.Vector<java.lang.Object>

